2012/09/20 10:48:49 [error] [exception.CHttpException.404] exception 'CHttpException' with message 'The system is unable to find the requested action "index.php".' in D:\xampp\htdocs\cmcinfosec\bookyii\framework\web\CController.php:484
Stack trace:
#0 D:\xampp\htdocs\cmcinfosec\bookyii\framework\web\CController.php(271): CController->missingAction('index.php')
#1 D:\xampp\htdocs\cmcinfosec\bookyii\framework\web\CWebApplication.php(283): CController->run('index.php')
#2 D:\xampp\htdocs\cmcinfosec\bookyii\framework\web\CWebApplication.php(142): CWebApplication->runController('page/index.php')
#3 D:\xampp\htdocs\cmcinfosec\bookyii\framework\base\CApplication.php(162): CWebApplication->processRequest()
#4 D:\xampp\htdocs\cmcinfosec\bookyii\cmcinfosec\index.php(13): CApplication->run()
#5 {main}
REQUEST_URI=/cmcinfosec/bookyii/cmcinfosec/index.php?r=page/index.php
---
2012/09/20 17:05:47 [error] [exception.CHttpException.404] exception 'CHttpException' with message 'The system is unable to find the requested action "dai-ly".' in D:\xampp\htdocs\cmcinfosec\bookyii\framework\web\CController.php:484
Stack trace:
#0 D:\xampp\htdocs\cmcinfosec\bookyii\framework\web\CController.php(271): CController->missingAction('dai-ly')
#1 D:\xampp\htdocs\cmcinfosec\bookyii\framework\web\CWebApplication.php(283): CController->run('dai-ly')
#2 D:\xampp\htdocs\cmcinfosec\bookyii\framework\web\CWebApplication.php(142): CWebApplication->runController('page/dai-ly')
#3 D:\xampp\htdocs\cmcinfosec\bookyii\framework\base\CApplication.php(162): CWebApplication->processRequest()
#4 D:\xampp\htdocs\cmcinfosec\bookyii\cmcinfosec\index.php(13): CApplication->run()
#5 {main}
REQUEST_URI=/cmcinfosec/bookyii/cmcinfosec/index.php?r=page/dai-ly
HTTP_REFERER=http://localhost/cmcinfosec/bookyii/cmcinfosec/
---
2012/09/20 17:07:45 [error] [exception.CHttpException.404] exception 'CHttpException' with message 'The system is unable to find the requested action "dai-ly".' in D:\xampp\htdocs\cmcinfosec\bookyii\framework\web\CController.php:484
Stack trace:
#0 D:\xampp\htdocs\cmcinfosec\bookyii\framework\web\CController.php(271): CController->missingAction('dai-ly')
#1 D:\xampp\htdocs\cmcinfosec\bookyii\framework\web\CWebApplication.php(283): CController->run('dai-ly')
#2 D:\xampp\htdocs\cmcinfosec\bookyii\framework\web\CWebApplication.php(142): CWebApplication->runController('page/dai-ly')
#3 D:\xampp\htdocs\cmcinfosec\bookyii\framework\base\CApplication.php(162): CWebApplication->processRequest()
#4 D:\xampp\htdocs\cmcinfosec\bookyii\cmcinfosec\index.php(13): CApplication->run()
#5 {main}
REQUEST_URI=/cmcinfosec/bookyii/cmcinfosec/index.php?r=page/dai-ly
HTTP_REFERER=http://localhost/cmcinfosec/bookyii/cmcinfosec/
---
2012/09/20 17:08:28 [error] [exception.CHttpException.404] exception 'CHttpException' with message 'The system is unable to find the requested action "dai-ly".' in D:\xampp\htdocs\cmcinfosec\bookyii\framework\web\CController.php:484
Stack trace:
#0 D:\xampp\htdocs\cmcinfosec\bookyii\framework\web\CController.php(271): CController->missingAction('dai-ly')
#1 D:\xampp\htdocs\cmcinfosec\bookyii\framework\web\CWebApplication.php(283): CController->run('dai-ly')
#2 D:\xampp\htdocs\cmcinfosec\bookyii\framework\web\CWebApplication.php(142): CWebApplication->runController('page/dai-ly')
#3 D:\xampp\htdocs\cmcinfosec\bookyii\framework\base\CApplication.php(162): CWebApplication->processRequest()
#4 D:\xampp\htdocs\cmcinfosec\bookyii\cmcinfosec\index.php(13): CApplication->run()
#5 {main}
REQUEST_URI=/cmcinfosec/bookyii/cmcinfosec/index.php?r=page/dai-ly
HTTP_REFERER=http://localhost/cmcinfosec/bookyii/cmcinfosec/
---
2012/09/21 09:32:36 [error] [exception.CException] exception 'CException' with message 'PageController cannot find the requested view "antivirus".' in D:\xampp\htdocs\cmcinfosec\framework\web\CController.php:879
Stack trace:
#0 D:\xampp\htdocs\cmcinfosec\framework\web\CController.php(783): CController->renderPartial('antivirus', NULL, true)
#1 D:\xampp\htdocs\cmcinfosec\protected\controllers\PageController.php(27): CController->render('antivirus')
#2 D:\xampp\htdocs\cmcinfosec\framework\web\actions\CInlineAction.php(50): PageController->actionAntivirus()
#3 D:\xampp\htdocs\cmcinfosec\framework\web\CController.php(309): CInlineAction->runWithParams(Array)
#4 D:\xampp\htdocs\cmcinfosec\framework\web\CController.php(287): CController->runAction(Object(CInlineAction))
#5 D:\xampp\htdocs\cmcinfosec\framework\web\CController.php(266): CController->runActionWithFilters(Object(CInlineAction), Array)
#6 D:\xampp\htdocs\cmcinfosec\framework\web\CWebApplication.php(283): CController->run('antivirus')
#7 D:\xampp\htdocs\cmcinfosec\framework\web\CWebApplication.php(142): CWebApplication->runController('page/antivirus')
#8 D:\xampp\htdocs\cmcinfosec\framework\base\CApplication.php(162): CWebApplication->processRequest()
#9 D:\xampp\htdocs\cmcinfosec\index.php(13): CApplication->run()
#10 {main}
REQUEST_URI=/cmcinfosec/index.php?r=page/antivirus
HTTP_REFERER=http://localhost/cmcinfosec/index.php
---
2012/09/21 09:39:28 [error] [exception.CException] exception 'CException' with message 'PageController cannot find the requested view "xaydung".' in D:\xampp\htdocs\cmcinfosec\framework\web\CController.php:879
Stack trace:
#0 D:\xampp\htdocs\cmcinfosec\framework\web\CController.php(783): CController->renderPartial('xaydung', NULL, true)
#1 D:\xampp\htdocs\cmcinfosec\protected\controllers\PageController.php(12): CController->render('xaydung')
#2 D:\xampp\htdocs\cmcinfosec\framework\web\actions\CInlineAction.php(50): PageController->actionXaydung()
#3 D:\xampp\htdocs\cmcinfosec\framework\web\CController.php(309): CInlineAction->runWithParams(Array)
#4 D:\xampp\htdocs\cmcinfosec\framework\web\CController.php(287): CController->runAction(Object(CInlineAction))
#5 D:\xampp\htdocs\cmcinfosec\framework\web\CController.php(266): CController->runActionWithFilters(Object(CInlineAction), Array)
#6 D:\xampp\htdocs\cmcinfosec\framework\web\CWebApplication.php(283): CController->run('xaydung')
#7 D:\xampp\htdocs\cmcinfosec\framework\web\CWebApplication.php(142): CWebApplication->runController('page/xaydung')
#8 D:\xampp\htdocs\cmcinfosec\framework\base\CApplication.php(162): CWebApplication->processRequest()
#9 D:\xampp\htdocs\cmcinfosec\index.php(13): CApplication->run()
#10 {main}
REQUEST_URI=/cmcinfosec/index.php?r=page/xaydung
HTTP_REFERER=http://localhost/cmcinfosec/index.php?r=site/index
---
2012/09/21 09:43:09 [error] [exception.CException] exception 'CException' with message 'PageController cannot find the requested view "xaydung".' in D:\xampp\htdocs\cmcinfosec\framework\web\CController.php:879
Stack trace:
#0 D:\xampp\htdocs\cmcinfosec\framework\web\CController.php(783): CController->renderPartial('xaydung', NULL, true)
#1 D:\xampp\htdocs\cmcinfosec\protected\controllers\PageController.php(12): CController->render('xaydung')
#2 D:\xampp\htdocs\cmcinfosec\framework\web\actions\CInlineAction.php(50): PageController->actionXaydung()
#3 D:\xampp\htdocs\cmcinfosec\framework\web\CController.php(309): CInlineAction->runWithParams(Array)
#4 D:\xampp\htdocs\cmcinfosec\framework\web\CController.php(287): CController->runAction(Object(CInlineAction))
#5 D:\xampp\htdocs\cmcinfosec\framework\web\CController.php(266): CController->runActionWithFilters(Object(CInlineAction), Array)
#6 D:\xampp\htdocs\cmcinfosec\framework\web\CWebApplication.php(283): CController->run('xaydung')
#7 D:\xampp\htdocs\cmcinfosec\framework\web\CWebApplication.php(142): CWebApplication->runController('page/xaydung')
#8 D:\xampp\htdocs\cmcinfosec\framework\base\CApplication.php(162): CWebApplication->processRequest()
#9 D:\xampp\htdocs\cmcinfosec\index.php(13): CApplication->run()
#10 {main}
REQUEST_URI=/cmcinfosec/index.php?r=page/xaydung
HTTP_REFERER=http://localhost/cmcinfosec/index.php?r=site/index
---
2012/09/21 09:44:06 [error] [exception.CException] exception 'CException' with message 'PageController cannot find the requested view "xaydung".' in D:\xampp\htdocs\cmcinfosec\framework\web\CController.php:879
Stack trace:
#0 D:\xampp\htdocs\cmcinfosec\framework\web\CController.php(783): CController->renderPartial('xaydung', NULL, true)
#1 D:\xampp\htdocs\cmcinfosec\protected\controllers\PageController.php(12): CController->render('xaydung')
#2 D:\xampp\htdocs\cmcinfosec\framework\web\actions\CInlineAction.php(50): PageController->actionXaydung()
#3 D:\xampp\htdocs\cmcinfosec\framework\web\CController.php(309): CInlineAction->runWithParams(Array)
#4 D:\xampp\htdocs\cmcinfosec\framework\web\CController.php(287): CController->runAction(Object(CInlineAction))
#5 D:\xampp\htdocs\cmcinfosec\framework\web\CController.php(266): CController->runActionWithFilters(Object(CInlineAction), Array)
#6 D:\xampp\htdocs\cmcinfosec\framework\web\CWebApplication.php(283): CController->run('xaydung')
#7 D:\xampp\htdocs\cmcinfosec\framework\web\CWebApplication.php(142): CWebApplication->runController('page/xaydung')
#8 D:\xampp\htdocs\cmcinfosec\framework\base\CApplication.php(162): CWebApplication->processRequest()
#9 D:\xampp\htdocs\cmcinfosec\index.php(13): CApplication->run()
#10 {main}
REQUEST_URI=/cmcinfosec/index.php?r=page/xaydung
HTTP_REFERER=http://localhost/cmcinfosec/index.php?r=site/index
---
2012/09/21 10:02:17 [error] [exception.CHttpException.404] exception 'CHttpException' with message 'The requested view "index" was not found.' in D:\xampp\htdocs\cmcinfosec\framework\web\actions\CViewAction.php:113
Stack trace:
#0 D:\xampp\htdocs\cmcinfosec\framework\web\actions\CViewAction.php(124): CViewAction->resolveView('index')
#1 D:\xampp\htdocs\cmcinfosec\framework\web\actions\CAction.php(75): CViewAction->run()
#2 D:\xampp\htdocs\cmcinfosec\framework\web\CController.php(309): CAction->runWithParams(Array)
#3 D:\xampp\htdocs\cmcinfosec\framework\web\CController.php(287): CController->runAction(Object(CViewAction))
#4 D:\xampp\htdocs\cmcinfosec\framework\web\CController.php(266): CController->runActionWithFilters(Object(CViewAction), Array)
#5 D:\xampp\htdocs\cmcinfosec\framework\web\CWebApplication.php(283): CController->run('page')
#6 D:\xampp\htdocs\cmcinfosec\framework\web\CWebApplication.php(142): CWebApplication->runController('site/page/daily')
#7 D:\xampp\htdocs\cmcinfosec\framework\base\CApplication.php(162): CWebApplication->processRequest()
#8 D:\xampp\htdocs\cmcinfosec\index.php(13): CApplication->run()
#9 {main}
REQUEST_URI=/cmcinfosec/index.php?r=site/page/daily
HTTP_REFERER=http://localhost/cmcinfosec/index.php
---
2012/09/21 10:23:53 [error] [php] include(module/question_widget.php) [<a href='function.include'>function.include</a>]: failed to open stream: No such file or directory (D:\xampp\htdocs\cmcinfosec\protected\views\page\dathang.php:12)
Stack trace:
#0 D:\xampp\htdocs\cmcinfosec\framework\web\CBaseController.php(96): PageController->renderInternal()
#1 D:\xampp\htdocs\cmcinfosec\framework\web\CController.php(870): PageController->renderFile()
#2 D:\xampp\htdocs\cmcinfosec\framework\web\CController.php(783): PageController->renderPartial()
#3 D:\xampp\htdocs\cmcinfosec\protected\controllers\PageController.php(7): PageController->render()
#4 D:\xampp\htdocs\cmcinfosec\framework\web\actions\CInlineAction.php(50): PageController->actionDathang()
#5 D:\xampp\htdocs\cmcinfosec\framework\web\CController.php(309): CInlineAction->runWithParams()
#6 D:\xampp\htdocs\cmcinfosec\framework\web\CController.php(287): PageController->runAction()
#7 D:\xampp\htdocs\cmcinfosec\framework\web\CController.php(266): PageController->runActionWithFilters()
#8 D:\xampp\htdocs\cmcinfosec\framework\web\CWebApplication.php(283): PageController->run()
#9 D:\xampp\htdocs\cmcinfosec\framework\web\CWebApplication.php(142): CWebApplication->runController()
#10 D:\xampp\htdocs\cmcinfosec\framework\base\CApplication.php(162): CWebApplication->processRequest()
#11 D:\xampp\htdocs\cmcinfosec\index.php(13): CWebApplication->run()
REQUEST_URI=/cmcinfosec/index.php?r=page/dathang
in D:\xampp\htdocs\cmcinfosec\protected\views\page\dathang.php (12)
in D:\xampp\htdocs\cmcinfosec\protected\views\page\dathang.php (12)
in D:\xampp\htdocs\cmcinfosec\protected\controllers\PageController.php (7)
2012/09/21 10:33:39 [error] [exception.CHttpException.404] exception 'CHttpException' with message 'The system is unable to find the requested action "xaydung".' in D:\xampp\htdocs\cmcinfosec\framework\web\CController.php:484
Stack trace:
#0 D:\xampp\htdocs\cmcinfosec\framework\web\CController.php(271): CController->missingAction('xaydung')
#1 D:\xampp\htdocs\cmcinfosec\framework\web\CWebApplication.php(283): CController->run('xaydung')
#2 D:\xampp\htdocs\cmcinfosec\framework\web\CWebApplication.php(142): CWebApplication->runController('page/xaydung')
#3 D:\xampp\htdocs\cmcinfosec\framework\base\CApplication.php(162): CWebApplication->processRequest()
#4 D:\xampp\htdocs\cmcinfosec\index.php(13): CApplication->run()
#5 {main}
REQUEST_URI=/cmcinfosec/index.php?r=page/xaydung
HTTP_REFERER=http://localhost/cmcinfosec/index.php?r=page/daily
---
2012/09/21 10:36:59 [error] [php] include(/module/embedVideoIndex.php) [<a href='function.include'>function.include</a>]: failed to open stream: No such file or directory (D:\xampp\htdocs\cmcinfosec\protected\views\site\index.php:63)
Stack trace:
#0 D:\xampp\htdocs\cmcinfosec\framework\web\CBaseController.php(96): SiteController->renderInternal()
#1 D:\xampp\htdocs\cmcinfosec\framework\web\CController.php(870): SiteController->renderFile()
#2 D:\xampp\htdocs\cmcinfosec\framework\web\CController.php(783): SiteController->renderPartial()
#3 D:\xampp\htdocs\cmcinfosec\protected\controllers\SiteController.php(32): SiteController->render()
#4 D:\xampp\htdocs\cmcinfosec\framework\web\actions\CInlineAction.php(50): SiteController->actionIndex()
#5 D:\xampp\htdocs\cmcinfosec\framework\web\CController.php(309): CInlineAction->runWithParams()
#6 D:\xampp\htdocs\cmcinfosec\framework\web\CController.php(287): SiteController->runAction()
#7 D:\xampp\htdocs\cmcinfosec\framework\web\CController.php(266): SiteController->runActionWithFilters()
#8 D:\xampp\htdocs\cmcinfosec\framework\web\CWebApplication.php(283): SiteController->run()
#9 D:\xampp\htdocs\cmcinfosec\framework\web\CWebApplication.php(142): CWebApplication->runController()
#10 D:\xampp\htdocs\cmcinfosec\framework\base\CApplication.php(162): CWebApplication->processRequest()
#11 D:\xampp\htdocs\cmcinfosec\index.php(13): CWebApplication->run()
REQUEST_URI=/cmcinfosec/index.php
in D:\xampp\htdocs\cmcinfosec\protected\views\site\index.php (63)
in D:\xampp\htdocs\cmcinfosec\protected\views\site\index.php (63)
in D:\xampp\htdocs\cmcinfosec\protected\controllers\SiteController.php (32)
2012/09/21 10:52:06 [error] [exception.CHttpException.404] exception 'CHttpException' with message 'The system is unable to find the requested action "xaydung".' in D:\xampp\htdocs\cmcinfosec\framework\web\CController.php:484
Stack trace:
#0 D:\xampp\htdocs\cmcinfosec\framework\web\CController.php(271): CController->missingAction('xaydung')
#1 D:\xampp\htdocs\cmcinfosec\framework\web\CWebApplication.php(283): CController->run('xaydung')
#2 D:\xampp\htdocs\cmcinfosec\framework\web\CWebApplication.php(142): CWebApplication->runController('page/xaydung')
#3 D:\xampp\htdocs\cmcinfosec\framework\base\CApplication.php(162): CWebApplication->processRequest()
#4 D:\xampp\htdocs\cmcinfosec\index.php(13): CApplication->run()
#5 {main}
REQUEST_URI=/cmcinfosec/index.php?r=page/xaydung
HTTP_REFERER=http://localhost/cmcinfosec/index.php?r=site/index
---
2012/09/21 11:15:59 [error] [exception.CHttpException.404] exception 'CHttpException' with message 'The system is unable to find the requested action "xaydung".' in D:\xampp\htdocs\cmcinfosec\framework\web\CController.php:484
Stack trace:
#0 D:\xampp\htdocs\cmcinfosec\framework\web\CController.php(271): CController->missingAction('xaydung')
#1 D:\xampp\htdocs\cmcinfosec\framework\web\CWebApplication.php(283): CController->run('xaydung')
#2 D:\xampp\htdocs\cmcinfosec\framework\web\CWebApplication.php(142): CWebApplication->runController('page/xaydung')
#3 D:\xampp\htdocs\cmcinfosec\framework\base\CApplication.php(162): CWebApplication->processRequest()
#4 D:\xampp\htdocs\cmcinfosec\index.php(13): CApplication->run()
#5 {main}
REQUEST_URI=/cmcinfosec/index.php?r=page/xaydung
HTTP_REFERER=http://localhost/cmcinfosec/index.php
---
2012/09/21 11:17:53 [error] [exception.CHttpException.404] exception 'CHttpException' with message 'The system is unable to find the requested action "hoso".' in D:\xampp\htdocs\cmcinfosec\framework\web\CController.php:484
Stack trace:
#0 D:\xampp\htdocs\cmcinfosec\framework\web\CController.php(271): CController->missingAction('hoso')
#1 D:\xampp\htdocs\cmcinfosec\framework\web\CWebApplication.php(283): CController->run('hoso')
#2 D:\xampp\htdocs\cmcinfosec\framework\web\CWebApplication.php(142): CWebApplication->runController('about/hoso')
#3 D:\xampp\htdocs\cmcinfosec\framework\base\CApplication.php(162): CWebApplication->processRequest()
#4 D:\xampp\htdocs\cmcinfosec\index.php(13): CApplication->run()
#5 {main}
REQUEST_URI=/cmcinfosec/index.php?r=about/hoso
HTTP_REFERER=http://localhost/cmcinfosec/index.php?r=about/index
---
2012/09/21 11:26:19 [error] [exception.CHttpException.404] exception 'CHttpException' with message 'The system is unable to find the requested action "cmcpic".' in D:\xampp\htdocs\cmcinfosec\framework\web\CController.php:484
Stack trace:
#0 D:\xampp\htdocs\cmcinfosec\framework\web\CController.php(271): CController->missingAction('cmcpic')
#1 D:\xampp\htdocs\cmcinfosec\framework\web\CWebApplication.php(283): CController->run('cmcpic')
#2 D:\xampp\htdocs\cmcinfosec\framework\web\CWebApplication.php(142): CWebApplication->runController('about/cmcpic')
#3 D:\xampp\htdocs\cmcinfosec\framework\base\CApplication.php(162): CWebApplication->processRequest()
#4 D:\xampp\htdocs\cmcinfosec\index.php(13): CApplication->run()
#5 {main}
REQUEST_URI=/cmcinfosec/index.php?r=about/cmcpic
HTTP_REFERER=http://localhost/cmcinfosec/index.php?r=about/index
---
2012/09/21 11:26:30 [error] [exception.CHttpException.404] exception 'CHttpException' with message 'The system is unable to find the requested action "cmcpic".' in D:\xampp\htdocs\cmcinfosec\framework\web\CController.php:484
Stack trace:
#0 D:\xampp\htdocs\cmcinfosec\framework\web\CController.php(271): CController->missingAction('cmcpic')
#1 D:\xampp\htdocs\cmcinfosec\framework\web\CWebApplication.php(283): CController->run('cmcpic')
#2 D:\xampp\htdocs\cmcinfosec\framework\web\CWebApplication.php(142): CWebApplication->runController('about/cmcpic')
#3 D:\xampp\htdocs\cmcinfosec\framework\base\CApplication.php(162): CWebApplication->processRequest()
#4 D:\xampp\htdocs\cmcinfosec\index.php(13): CApplication->run()
#5 {main}
REQUEST_URI=/cmcinfosec/index.php?r=about/cmcpic
HTTP_REFERER=http://localhost/cmcinfosec/index.php?r=about/index
---
2012/09/21 17:46:53 [error] [php] Use of undefined constant logo - assumed 'logo' (D:\xampp\htdocs\cmcinfosec\protected\components\Logo.php:12)
Stack trace:
#0 D:\xampp\htdocs\cmcinfosec\framework\web\CBaseController.php(127): require()
#1 D:\xampp\htdocs\cmcinfosec\framework\web\CBaseController.php(96): SiteController->renderInternal()
#2 D:\xampp\htdocs\cmcinfosec\framework\web\widgets\CContentDecorator.php(77): SiteController->renderFile()
#3 D:\xampp\htdocs\cmcinfosec\framework\web\widgets\CContentDecorator.php(55): CContentDecorator->decorate()
#4 D:\xampp\htdocs\cmcinfosec\framework\web\widgets\COutputProcessor.php(45): CContentDecorator->processOutput()
#5 D:\xampp\htdocs\cmcinfosec\framework\web\CBaseController.php(207): CContentDecorator->run()
#6 D:\xampp\htdocs\cmcinfosec\framework\web\CBaseController.php(301): SiteController->endWidget()
#7 D:\xampp\htdocs\cmcinfosec\protected\views\layouts\column1.php(6): SiteController->endContent()
#8 D:\xampp\htdocs\cmcinfosec\framework\web\CBaseController.php(127): require()
#9 D:\xampp\htdocs\cmcinfosec\framework\web\CBaseController.php(96): SiteController->renderInternal()
#10 D:\xampp\htdocs\cmcinfosec\framework\web\CController.php(785): SiteController->renderFile()
#11 D:\xampp\htdocs\cmcinfosec\protected\controllers\SiteController.php(32): SiteController->render()
#12 D:\xampp\htdocs\cmcinfosec\framework\web\actions\CInlineAction.php(50): SiteController->actionIndex()
#13 D:\xampp\htdocs\cmcinfosec\framework\web\CController.php(309): CInlineAction->runWithParams()
#14 D:\xampp\htdocs\cmcinfosec\framework\web\CController.php(287): SiteController->runAction()
#15 D:\xampp\htdocs\cmcinfosec\framework\web\CController.php(266): SiteController->runActionWithFilters()
#16 D:\xampp\htdocs\cmcinfosec\framework\web\CWebApplication.php(283): SiteController->run()
#17 D:\xampp\htdocs\cmcinfosec\framework\web\CWebApplication.php(142): CWebApplication->runController()
#18 D:\xampp\htdocs\cmcinfosec\framework\base\CApplication.php(162): CWebApplication->processRequest()
#19 D:\xampp\htdocs\cmcinfosec\index.php(13): CWebApplication->run()
REQUEST_URI=/cmcinfosec/index.php
in D:\xampp\htdocs\cmcinfosec\protected\components\Logo.php (12)
in D:\xampp\htdocs\cmcinfosec\protected\views\layouts\main.php (31)
in D:\xampp\htdocs\cmcinfosec\protected\views\layouts\column1.php (6)
2012/09/21 17:47:04 [error] [php] Use of undefined constant logo - assumed 'logo' (D:\xampp\htdocs\cmcinfosec\protected\components\Logo.php:12)
Stack trace:
#0 D:\xampp\htdocs\cmcinfosec\framework\web\CBaseController.php(127): require()
#1 D:\xampp\htdocs\cmcinfosec\framework\web\CBaseController.php(96): SiteController->renderInternal()
#2 D:\xampp\htdocs\cmcinfosec\framework\web\widgets\CContentDecorator.php(77): SiteController->renderFile()
#3 D:\xampp\htdocs\cmcinfosec\framework\web\widgets\CContentDecorator.php(55): CContentDecorator->decorate()
#4 D:\xampp\htdocs\cmcinfosec\framework\web\widgets\COutputProcessor.php(45): CContentDecorator->processOutput()
#5 D:\xampp\htdocs\cmcinfosec\framework\web\CBaseController.php(207): CContentDecorator->run()
#6 D:\xampp\htdocs\cmcinfosec\framework\web\CBaseController.php(301): SiteController->endWidget()
#7 D:\xampp\htdocs\cmcinfosec\protected\views\layouts\column1.php(6): SiteController->endContent()
#8 D:\xampp\htdocs\cmcinfosec\framework\web\CBaseController.php(127): require()
#9 D:\xampp\htdocs\cmcinfosec\framework\web\CBaseController.php(96): SiteController->renderInternal()
#10 D:\xampp\htdocs\cmcinfosec\framework\web\CController.php(785): SiteController->renderFile()
#11 D:\xampp\htdocs\cmcinfosec\protected\controllers\SiteController.php(32): SiteController->render()
#12 D:\xampp\htdocs\cmcinfosec\framework\web\actions\CInlineAction.php(50): SiteController->actionIndex()
#13 D:\xampp\htdocs\cmcinfosec\framework\web\CController.php(309): CInlineAction->runWithParams()
#14 D:\xampp\htdocs\cmcinfosec\framework\web\CController.php(287): SiteController->runAction()
#15 D:\xampp\htdocs\cmcinfosec\framework\web\CController.php(266): SiteController->runActionWithFilters()
#16 D:\xampp\htdocs\cmcinfosec\framework\web\CWebApplication.php(283): SiteController->run()
#17 D:\xampp\htdocs\cmcinfosec\framework\web\CWebApplication.php(142): CWebApplication->runController()
#18 D:\xampp\htdocs\cmcinfosec\framework\base\CApplication.php(162): CWebApplication->processRequest()
#19 D:\xampp\htdocs\cmcinfosec\index.php(13): CWebApplication->run()
REQUEST_URI=/cmcinfosec/index.php
in D:\xampp\htdocs\cmcinfosec\protected\components\Logo.php (12)
in D:\xampp\htdocs\cmcinfosec\protected\views\layouts\main.php (31)
in D:\xampp\htdocs\cmcinfosec\protected\views\layouts\column1.php (6)
2012/09/21 17:47:19 [error] [php] Use of undefined constant logo - assumed 'logo' (D:\xampp\htdocs\cmcinfosec\protected\components\Logo.php:12)
Stack trace:
#0 D:\xampp\htdocs\cmcinfosec\framework\web\CBaseController.php(127): require()
#1 D:\xampp\htdocs\cmcinfosec\framework\web\CBaseController.php(96): SiteController->renderInternal()
#2 D:\xampp\htdocs\cmcinfosec\framework\web\widgets\CContentDecorator.php(77): SiteController->renderFile()
#3 D:\xampp\htdocs\cmcinfosec\framework\web\widgets\CContentDecorator.php(55): CContentDecorator->decorate()
#4 D:\xampp\htdocs\cmcinfosec\framework\web\widgets\COutputProcessor.php(45): CContentDecorator->processOutput()
#5 D:\xampp\htdocs\cmcinfosec\framework\web\CBaseController.php(207): CContentDecorator->run()
#6 D:\xampp\htdocs\cmcinfosec\framework\web\CBaseController.php(301): SiteController->endWidget()
#7 D:\xampp\htdocs\cmcinfosec\protected\views\layouts\column1.php(6): SiteController->endContent()
#8 D:\xampp\htdocs\cmcinfosec\framework\web\CBaseController.php(127): require()
#9 D:\xampp\htdocs\cmcinfosec\framework\web\CBaseController.php(96): SiteController->renderInternal()
#10 D:\xampp\htdocs\cmcinfosec\framework\web\CController.php(785): SiteController->renderFile()
#11 D:\xampp\htdocs\cmcinfosec\protected\controllers\SiteController.php(32): SiteController->render()
#12 D:\xampp\htdocs\cmcinfosec\framework\web\actions\CInlineAction.php(50): SiteController->actionIndex()
#13 D:\xampp\htdocs\cmcinfosec\framework\web\CController.php(309): CInlineAction->runWithParams()
#14 D:\xampp\htdocs\cmcinfosec\framework\web\CController.php(287): SiteController->runAction()
#15 D:\xampp\htdocs\cmcinfosec\framework\web\CController.php(266): SiteController->runActionWithFilters()
#16 D:\xampp\htdocs\cmcinfosec\framework\web\CWebApplication.php(283): SiteController->run()
#17 D:\xampp\htdocs\cmcinfosec\framework\web\CWebApplication.php(142): CWebApplication->runController()
#18 D:\xampp\htdocs\cmcinfosec\framework\base\CApplication.php(162): CWebApplication->processRequest()
#19 D:\xampp\htdocs\cmcinfosec\index.php(13): CWebApplication->run()
REQUEST_URI=/cmcinfosec/index.php
in D:\xampp\htdocs\cmcinfosec\protected\components\Logo.php (12)
in D:\xampp\htdocs\cmcinfosec\protected\views\layouts\main.php (31)
in D:\xampp\htdocs\cmcinfosec\protected\views\layouts\column1.php (6)
2012/09/21 21:35:33 [error] [php] Use of undefined constant logo - assumed 'logo' (D:\xampp\htdocs\cmcinfosec\protected\components\Logo.php:12)
Stack trace:
#0 D:\xampp\htdocs\cmcinfosec\framework\web\CBaseController.php(127): require()
#1 D:\xampp\htdocs\cmcinfosec\framework\web\CBaseController.php(96): SiteController->renderInternal()
#2 D:\xampp\htdocs\cmcinfosec\framework\web\widgets\CContentDecorator.php(77): SiteController->renderFile()
#3 D:\xampp\htdocs\cmcinfosec\framework\web\widgets\CContentDecorator.php(55): CContentDecorator->decorate()
#4 D:\xampp\htdocs\cmcinfosec\framework\web\widgets\COutputProcessor.php(45): CContentDecorator->processOutput()
#5 D:\xampp\htdocs\cmcinfosec\framework\web\CBaseController.php(207): CContentDecorator->run()
#6 D:\xampp\htdocs\cmcinfosec\framework\web\CBaseController.php(301): SiteController->endWidget()
#7 D:\xampp\htdocs\cmcinfosec\protected\views\layouts\column1.php(6): SiteController->endContent()
#8 D:\xampp\htdocs\cmcinfosec\framework\web\CBaseController.php(127): require()
#9 D:\xampp\htdocs\cmcinfosec\framework\web\CBaseController.php(96): SiteController->renderInternal()
#10 D:\xampp\htdocs\cmcinfosec\framework\web\CController.php(785): SiteController->renderFile()
#11 D:\xampp\htdocs\cmcinfosec\protected\controllers\SiteController.php(32): SiteController->render()
#12 D:\xampp\htdocs\cmcinfosec\framework\web\actions\CInlineAction.php(50): SiteController->actionIndex()
#13 D:\xampp\htdocs\cmcinfosec\framework\web\CController.php(309): CInlineAction->runWithParams()
#14 D:\xampp\htdocs\cmcinfosec\framework\web\CController.php(287): SiteController->runAction()
#15 D:\xampp\htdocs\cmcinfosec\framework\web\CController.php(266): SiteController->runActionWithFilters()
#16 D:\xampp\htdocs\cmcinfosec\framework\web\CWebApplication.php(283): SiteController->run()
#17 D:\xampp\htdocs\cmcinfosec\framework\web\CWebApplication.php(142): CWebApplication->runController()
#18 D:\xampp\htdocs\cmcinfosec\framework\base\CApplication.php(162): CWebApplication->processRequest()
#19 D:\xampp\htdocs\cmcinfosec\index.php(13): CWebApplication->run()
REQUEST_URI=/cmcinfosec/
in D:\xampp\htdocs\cmcinfosec\protected\components\Logo.php (12)
in D:\xampp\htdocs\cmcinfosec\protected\views\layouts\main.php (31)
in D:\xampp\htdocs\cmcinfosec\protected\views\layouts\column1.php (6)
2012/09/21 21:38:47 [error] [php] Use of undefined constant logo - assumed 'logo' (D:\xampp\htdocs\cmcinfosec\protected\components\Logo.php:12)
Stack trace:
#0 D:\xampp\htdocs\cmcinfosec\framework\web\CBaseController.php(127): require()
#1 D:\xampp\htdocs\cmcinfosec\framework\web\CBaseController.php(96): SiteController->renderInternal()
#2 D:\xampp\htdocs\cmcinfosec\framework\web\widgets\CContentDecorator.php(77): SiteController->renderFile()
#3 D:\xampp\htdocs\cmcinfosec\framework\web\widgets\CContentDecorator.php(55): CContentDecorator->decorate()
#4 D:\xampp\htdocs\cmcinfosec\framework\web\widgets\COutputProcessor.php(45): CContentDecorator->processOutput()
#5 D:\xampp\htdocs\cmcinfosec\framework\web\CBaseController.php(207): CContentDecorator->run()
#6 D:\xampp\htdocs\cmcinfosec\framework\web\CBaseController.php(301): SiteController->endWidget()
#7 D:\xampp\htdocs\cmcinfosec\protected\views\layouts\column1.php(6): SiteController->endContent()
#8 D:\xampp\htdocs\cmcinfosec\framework\web\CBaseController.php(127): require()
#9 D:\xampp\htdocs\cmcinfosec\framework\web\CBaseController.php(96): SiteController->renderInternal()
#10 D:\xampp\htdocs\cmcinfosec\framework\web\CController.php(785): SiteController->renderFile()
#11 D:\xampp\htdocs\cmcinfosec\protected\controllers\SiteController.php(32): SiteController->render()
#12 D:\xampp\htdocs\cmcinfosec\framework\web\actions\CInlineAction.php(50): SiteController->actionIndex()
#13 D:\xampp\htdocs\cmcinfosec\framework\web\CController.php(309): CInlineAction->runWithParams()
#14 D:\xampp\htdocs\cmcinfosec\framework\web\CController.php(287): SiteController->runAction()
#15 D:\xampp\htdocs\cmcinfosec\framework\web\CController.php(266): SiteController->runActionWithFilters()
#16 D:\xampp\htdocs\cmcinfosec\framework\web\CWebApplication.php(283): SiteController->run()
#17 D:\xampp\htdocs\cmcinfosec\framework\web\CWebApplication.php(142): CWebApplication->runController()
#18 D:\xampp\htdocs\cmcinfosec\framework\base\CApplication.php(162): CWebApplication->processRequest()
#19 D:\xampp\htdocs\cmcinfosec\index.php(13): CWebApplication->run()
REQUEST_URI=/cmcinfosec/
in D:\xampp\htdocs\cmcinfosec\protected\components\Logo.php (12)
in D:\xampp\htdocs\cmcinfosec\protected\views\layouts\main.php (31)
in D:\xampp\htdocs\cmcinfosec\protected\views\layouts\column1.php (6)
2012/09/21 21:40:01 [error] [exception.CException] exception 'CException' with message 'Alias "application.components.cmclogo" is invalid. Make sure it points to an existing PHP file and the file is readable.' in D:\xampp\htdocs\cmcinfosec\framework\YiiBase.php:318
Stack trace:
#0 D:\xampp\htdocs\cmcinfosec\framework\web\CWidgetFactory.php(147): YiiBase::import('application.com...', true)
#1 D:\xampp\htdocs\cmcinfosec\framework\web\CBaseController.php(147): CWidgetFactory->createWidget(Object(SiteController), 'application.com...', Array)
#2 D:\xampp\htdocs\cmcinfosec\framework\web\CBaseController.php(173): CBaseController->createWidget('application.com...', Array)
#3 D:\xampp\htdocs\cmcinfosec\protected\views\layouts\main.php(31): CBaseController->widget('application.com...')
#4 D:\xampp\htdocs\cmcinfosec\framework\web\CBaseController.php(127): require('D:\xampp\htdocs...')
#5 D:\xampp\htdocs\cmcinfosec\framework\web\CBaseController.php(96): CBaseController->renderInternal('D:\xampp\htdocs...', Array, true)
#6 D:\xampp\htdocs\cmcinfosec\framework\web\widgets\CContentDecorator.php(77): CBaseController->renderFile('D:\xampp\htdocs...', Array, true)
#7 D:\xampp\htdocs\cmcinfosec\framework\web\widgets\CContentDecorator.php(55): CContentDecorator->decorate('<div id="conten...')
#8 D:\xampp\htdocs\cmcinfosec\framework\web\widgets\COutputProcessor.php(45): CContentDecorator->processOutput('<div id="conten...')
#9 D:\xampp\htdocs\cmcinfosec\framework\web\CBaseController.php(207): COutputProcessor->run()
#10 D:\xampp\htdocs\cmcinfosec\framework\web\CBaseController.php(301): CBaseController->endWidget('CContentDecorat...')
#11 D:\xampp\htdocs\cmcinfosec\protected\views\layouts\column1.php(6): CBaseController->endContent()
#12 D:\xampp\htdocs\cmcinfosec\framework\web\CBaseController.php(127): require('D:\xampp\htdocs...')
#13 D:\xampp\htdocs\cmcinfosec\framework\web\CBaseController.php(96): CBaseController->renderInternal('D:\xampp\htdocs...', Array, true)
#14 D:\xampp\htdocs\cmcinfosec\framework\web\CController.php(785): CBaseController->renderFile('D:\xampp\htdocs...', Array, true)
#15 D:\xampp\htdocs\cmcinfosec\protected\controllers\SiteController.php(32): CController->render('index')
#16 D:\xampp\htdocs\cmcinfosec\framework\web\actions\CInlineAction.php(50): SiteController->actionIndex()
#17 D:\xampp\htdocs\cmcinfosec\framework\web\CController.php(309): CInlineAction->runWithParams(Array)
#18 D:\xampp\htdocs\cmcinfosec\framework\web\CController.php(287): CController->runAction(Object(CInlineAction))
#19 D:\xampp\htdocs\cmcinfosec\framework\web\CController.php(266): CController->runActionWithFilters(Object(CInlineAction), Array)
#20 D:\xampp\htdocs\cmcinfosec\framework\web\CWebApplication.php(283): CController->run('')
#21 D:\xampp\htdocs\cmcinfosec\framework\web\CWebApplication.php(142): CWebApplication->runController('')
#22 D:\xampp\htdocs\cmcinfosec\framework\base\CApplication.php(162): CWebApplication->processRequest()
#23 D:\xampp\htdocs\cmcinfosec\index.php(13): CApplication->run()
#24 {main}
REQUEST_URI=/cmcinfosec/
---
2012/09/21 21:41:37 [error] [exception.CException] exception 'CException' with message 'Alias "application.components.cmclogo" is invalid. Make sure it points to an existing PHP file and the file is readable.' in D:\xampp\htdocs\cmcinfosec\framework\YiiBase.php:318
Stack trace:
#0 D:\xampp\htdocs\cmcinfosec\framework\web\CWidgetFactory.php(147): YiiBase::import('application.com...', true)
#1 D:\xampp\htdocs\cmcinfosec\framework\web\CBaseController.php(147): CWidgetFactory->createWidget(Object(SiteController), 'application.com...', Array)
#2 D:\xampp\htdocs\cmcinfosec\framework\web\CBaseController.php(173): CBaseController->createWidget('application.com...', Array)
#3 D:\xampp\htdocs\cmcinfosec\protected\views\layouts\main.php(31): CBaseController->widget('application.com...')
#4 D:\xampp\htdocs\cmcinfosec\framework\web\CBaseController.php(127): require('D:\xampp\htdocs...')
#5 D:\xampp\htdocs\cmcinfosec\framework\web\CBaseController.php(96): CBaseController->renderInternal('D:\xampp\htdocs...', Array, true)
#6 D:\xampp\htdocs\cmcinfosec\framework\web\widgets\CContentDecorator.php(77): CBaseController->renderFile('D:\xampp\htdocs...', Array, true)
#7 D:\xampp\htdocs\cmcinfosec\framework\web\widgets\CContentDecorator.php(55): CContentDecorator->decorate('<div id="conten...')
#8 D:\xampp\htdocs\cmcinfosec\framework\web\widgets\COutputProcessor.php(45): CContentDecorator->processOutput('<div id="conten...')
#9 D:\xampp\htdocs\cmcinfosec\framework\web\CBaseController.php(207): COutputProcessor->run()
#10 D:\xampp\htdocs\cmcinfosec\framework\web\CBaseController.php(301): CBaseController->endWidget('CContentDecorat...')
#11 D:\xampp\htdocs\cmcinfosec\protected\views\layouts\column1.php(6): CBaseController->endContent()
#12 D:\xampp\htdocs\cmcinfosec\framework\web\CBaseController.php(127): require('D:\xampp\htdocs...')
#13 D:\xampp\htdocs\cmcinfosec\framework\web\CBaseController.php(96): CBaseController->renderInternal('D:\xampp\htdocs...', Array, true)
#14 D:\xampp\htdocs\cmcinfosec\framework\web\CController.php(785): CBaseController->renderFile('D:\xampp\htdocs...', Array, true)
#15 D:\xampp\htdocs\cmcinfosec\protected\controllers\SiteController.php(32): CController->render('index')
#16 D:\xampp\htdocs\cmcinfosec\framework\web\actions\CInlineAction.php(50): SiteController->actionIndex()
#17 D:\xampp\htdocs\cmcinfosec\framework\web\CController.php(309): CInlineAction->runWithParams(Array)
#18 D:\xampp\htdocs\cmcinfosec\framework\web\CController.php(287): CController->runAction(Object(CInlineAction))
#19 D:\xampp\htdocs\cmcinfosec\framework\web\CController.php(266): CController->runActionWithFilters(Object(CInlineAction), Array)
#20 D:\xampp\htdocs\cmcinfosec\framework\web\CWebApplication.php(283): CController->run('')
#21 D:\xampp\htdocs\cmcinfosec\framework\web\CWebApplication.php(142): CWebApplication->runController('')
#22 D:\xampp\htdocs\cmcinfosec\framework\base\CApplication.php(162): CWebApplication->processRequest()
#23 D:\xampp\htdocs\cmcinfosec\index.php(13): CApplication->run()
#24 {main}
REQUEST_URI=/cmcinfosec/
---
2012/09/21 21:41:38 [error] [exception.CException] exception 'CException' with message 'Alias "application.components.cmclogo" is invalid. Make sure it points to an existing PHP file and the file is readable.' in D:\xampp\htdocs\cmcinfosec\framework\YiiBase.php:318
Stack trace:
#0 D:\xampp\htdocs\cmcinfosec\framework\web\CWidgetFactory.php(147): YiiBase::import('application.com...', true)
#1 D:\xampp\htdocs\cmcinfosec\framework\web\CBaseController.php(147): CWidgetFactory->createWidget(Object(SiteController), 'application.com...', Array)
#2 D:\xampp\htdocs\cmcinfosec\framework\web\CBaseController.php(173): CBaseController->createWidget('application.com...', Array)
#3 D:\xampp\htdocs\cmcinfosec\protected\views\layouts\main.php(31): CBaseController->widget('application.com...')
#4 D:\xampp\htdocs\cmcinfosec\framework\web\CBaseController.php(127): require('D:\xampp\htdocs...')
#5 D:\xampp\htdocs\cmcinfosec\framework\web\CBaseController.php(96): CBaseController->renderInternal('D:\xampp\htdocs...', Array, true)
#6 D:\xampp\htdocs\cmcinfosec\framework\web\widgets\CContentDecorator.php(77): CBaseController->renderFile('D:\xampp\htdocs...', Array, true)
#7 D:\xampp\htdocs\cmcinfosec\framework\web\widgets\CContentDecorator.php(55): CContentDecorator->decorate('<div id="conten...')
#8 D:\xampp\htdocs\cmcinfosec\framework\web\widgets\COutputProcessor.php(45): CContentDecorator->processOutput('<div id="conten...')
#9 D:\xampp\htdocs\cmcinfosec\framework\web\CBaseController.php(207): COutputProcessor->run()
#10 D:\xampp\htdocs\cmcinfosec\framework\web\CBaseController.php(301): CBaseController->endWidget('CContentDecorat...')
#11 D:\xampp\htdocs\cmcinfosec\protected\views\layouts\column1.php(6): CBaseController->endContent()
#12 D:\xampp\htdocs\cmcinfosec\framework\web\CBaseController.php(127): require('D:\xampp\htdocs...')
#13 D:\xampp\htdocs\cmcinfosec\framework\web\CBaseController.php(96): CBaseController->renderInternal('D:\xampp\htdocs...', Array, true)
#14 D:\xampp\htdocs\cmcinfosec\framework\web\CController.php(785): CBaseController->renderFile('D:\xampp\htdocs...', Array, true)
#15 D:\xampp\htdocs\cmcinfosec\protected\controllers\SiteController.php(32): CController->render('index')
#16 D:\xampp\htdocs\cmcinfosec\framework\web\actions\CInlineAction.php(50): SiteController->actionIndex()
#17 D:\xampp\htdocs\cmcinfosec\framework\web\CController.php(309): CInlineAction->runWithParams(Array)
#18 D:\xampp\htdocs\cmcinfosec\framework\web\CController.php(287): CController->runAction(Object(CInlineAction))
#19 D:\xampp\htdocs\cmcinfosec\framework\web\CController.php(266): CController->runActionWithFilters(Object(CInlineAction), Array)
#20 D:\xampp\htdocs\cmcinfosec\framework\web\CWebApplication.php(283): CController->run('')
#21 D:\xampp\htdocs\cmcinfosec\framework\web\CWebApplication.php(142): CWebApplication->runController('')
#22 D:\xampp\htdocs\cmcinfosec\framework\base\CApplication.php(162): CWebApplication->processRequest()
#23 D:\xampp\htdocs\cmcinfosec\index.php(13): CApplication->run()
#24 {main}
REQUEST_URI=/cmcinfosec/
---
2012/09/21 21:41:39 [error] [exception.CException] exception 'CException' with message 'Alias "application.components.cmclogo" is invalid. Make sure it points to an existing PHP file and the file is readable.' in D:\xampp\htdocs\cmcinfosec\framework\YiiBase.php:318
Stack trace:
#0 D:\xampp\htdocs\cmcinfosec\framework\web\CWidgetFactory.php(147): YiiBase::import('application.com...', true)
#1 D:\xampp\htdocs\cmcinfosec\framework\web\CBaseController.php(147): CWidgetFactory->createWidget(Object(SiteController), 'application.com...', Array)
#2 D:\xampp\htdocs\cmcinfosec\framework\web\CBaseController.php(173): CBaseController->createWidget('application.com...', Array)
#3 D:\xampp\htdocs\cmcinfosec\protected\views\layouts\main.php(31): CBaseController->widget('application.com...')
#4 D:\xampp\htdocs\cmcinfosec\framework\web\CBaseController.php(127): require('D:\xampp\htdocs...')
#5 D:\xampp\htdocs\cmcinfosec\framework\web\CBaseController.php(96): CBaseController->renderInternal('D:\xampp\htdocs...', Array, true)
#6 D:\xampp\htdocs\cmcinfosec\framework\web\widgets\CContentDecorator.php(77): CBaseController->renderFile('D:\xampp\htdocs...', Array, true)
#7 D:\xampp\htdocs\cmcinfosec\framework\web\widgets\CContentDecorator.php(55): CContentDecorator->decorate('<div id="conten...')
#8 D:\xampp\htdocs\cmcinfosec\framework\web\widgets\COutputProcessor.php(45): CContentDecorator->processOutput('<div id="conten...')
#9 D:\xampp\htdocs\cmcinfosec\framework\web\CBaseController.php(207): COutputProcessor->run()
#10 D:\xampp\htdocs\cmcinfosec\framework\web\CBaseController.php(301): CBaseController->endWidget('CContentDecorat...')
#11 D:\xampp\htdocs\cmcinfosec\protected\views\layouts\column1.php(6): CBaseController->endContent()
#12 D:\xampp\htdocs\cmcinfosec\framework\web\CBaseController.php(127): require('D:\xampp\htdocs...')
#13 D:\xampp\htdocs\cmcinfosec\framework\web\CBaseController.php(96): CBaseController->renderInternal('D:\xampp\htdocs...', Array, true)
#14 D:\xampp\htdocs\cmcinfosec\framework\web\CController.php(785): CBaseController->renderFile('D:\xampp\htdocs...', Array, true)
#15 D:\xampp\htdocs\cmcinfosec\protected\controllers\SiteController.php(32): CController->render('index')
#16 D:\xampp\htdocs\cmcinfosec\framework\web\actions\CInlineAction.php(50): SiteController->actionIndex()
#17 D:\xampp\htdocs\cmcinfosec\framework\web\CController.php(309): CInlineAction->runWithParams(Array)
#18 D:\xampp\htdocs\cmcinfosec\framework\web\CController.php(287): CController->runAction(Object(CInlineAction))
#19 D:\xampp\htdocs\cmcinfosec\framework\web\CController.php(266): CController->runActionWithFilters(Object(CInlineAction), Array)
#20 D:\xampp\htdocs\cmcinfosec\framework\web\CWebApplication.php(283): CController->run('')
#21 D:\xampp\htdocs\cmcinfosec\framework\web\CWebApplication.php(142): CWebApplication->runController('')
#22 D:\xampp\htdocs\cmcinfosec\framework\base\CApplication.php(162): CWebApplication->processRequest()
#23 D:\xampp\htdocs\cmcinfosec\index.php(13): CApplication->run()
#24 {main}
REQUEST_URI=/cmcinfosec/
---
2012/09/21 21:42:24 [error] [php] Use of undefined constant cmclogo - assumed 'cmclogo' (D:\xampp\htdocs\cmcinfosec\protected\components\cmclogo.php:10)
Stack trace:
#0 D:\xampp\htdocs\cmcinfosec\framework\web\CBaseController.php(127): require()
#1 D:\xampp\htdocs\cmcinfosec\framework\web\CBaseController.php(96): SiteController->renderInternal()
#2 D:\xampp\htdocs\cmcinfosec\framework\web\widgets\CContentDecorator.php(77): SiteController->renderFile()
#3 D:\xampp\htdocs\cmcinfosec\framework\web\widgets\CContentDecorator.php(55): CContentDecorator->decorate()
#4 D:\xampp\htdocs\cmcinfosec\framework\web\widgets\COutputProcessor.php(45): CContentDecorator->processOutput()
#5 D:\xampp\htdocs\cmcinfosec\framework\web\CBaseController.php(207): CContentDecorator->run()
#6 D:\xampp\htdocs\cmcinfosec\framework\web\CBaseController.php(301): SiteController->endWidget()
#7 D:\xampp\htdocs\cmcinfosec\protected\views\layouts\column1.php(6): SiteController->endContent()
#8 D:\xampp\htdocs\cmcinfosec\framework\web\CBaseController.php(127): require()
#9 D:\xampp\htdocs\cmcinfosec\framework\web\CBaseController.php(96): SiteController->renderInternal()
#10 D:\xampp\htdocs\cmcinfosec\framework\web\CController.php(785): SiteController->renderFile()
#11 D:\xampp\htdocs\cmcinfosec\protected\controllers\SiteController.php(32): SiteController->render()
#12 D:\xampp\htdocs\cmcinfosec\framework\web\actions\CInlineAction.php(50): SiteController->actionIndex()
#13 D:\xampp\htdocs\cmcinfosec\framework\web\CController.php(309): CInlineAction->runWithParams()
#14 D:\xampp\htdocs\cmcinfosec\framework\web\CController.php(287): SiteController->runAction()
#15 D:\xampp\htdocs\cmcinfosec\framework\web\CController.php(266): SiteController->runActionWithFilters()
#16 D:\xampp\htdocs\cmcinfosec\framework\web\CWebApplication.php(283): SiteController->run()
#17 D:\xampp\htdocs\cmcinfosec\framework\web\CWebApplication.php(142): CWebApplication->runController()
#18 D:\xampp\htdocs\cmcinfosec\framework\base\CApplication.php(162): CWebApplication->processRequest()
#19 D:\xampp\htdocs\cmcinfosec\index.php(13): CWebApplication->run()
REQUEST_URI=/cmcinfosec/
in D:\xampp\htdocs\cmcinfosec\protected\components\cmclogo.php (10)
in D:\xampp\htdocs\cmcinfosec\protected\views\layouts\main.php (31)
in D:\xampp\htdocs\cmcinfosec\protected\views\layouts\column1.php (6)
2012/09/21 21:49:11 [error] [php] Undefined variable: logo_src (D:\xampp\htdocs\cmcinfosec\protected\components\views\cmclogo.php:2)
Stack trace:
#0 D:\xampp\htdocs\cmcinfosec\framework\web\widgets\CWidget.php(244): cmclogo->renderFile()
#1 D:\xampp\htdocs\cmcinfosec\protected\components\cmclogo.php(10): cmclogo->render()
#2 D:\xampp\htdocs\cmcinfosec\framework\web\CBaseController.php(174): cmclogo->run()
#3 D:\xampp\htdocs\cmcinfosec\protected\views\layouts\main.php(31): SiteController->widget()
#4 D:\xampp\htdocs\cmcinfosec\framework\web\CBaseController.php(127): require()
#5 D:\xampp\htdocs\cmcinfosec\framework\web\CBaseController.php(96): SiteController->renderInternal()
#6 D:\xampp\htdocs\cmcinfosec\framework\web\widgets\CContentDecorator.php(77): SiteController->renderFile()
#7 D:\xampp\htdocs\cmcinfosec\framework\web\widgets\CContentDecorator.php(55): CContentDecorator->decorate()
#8 D:\xampp\htdocs\cmcinfosec\framework\web\widgets\COutputProcessor.php(45): CContentDecorator->processOutput()
#9 D:\xampp\htdocs\cmcinfosec\framework\web\CBaseController.php(207): CContentDecorator->run()
#10 D:\xampp\htdocs\cmcinfosec\framework\web\CBaseController.php(301): SiteController->endWidget()
#11 D:\xampp\htdocs\cmcinfosec\protected\views\layouts\column1.php(6): SiteController->endContent()
#12 D:\xampp\htdocs\cmcinfosec\framework\web\CBaseController.php(127): require()
#13 D:\xampp\htdocs\cmcinfosec\framework\web\CBaseController.php(96): SiteController->renderInternal()
#14 D:\xampp\htdocs\cmcinfosec\framework\web\CController.php(785): SiteController->renderFile()
#15 D:\xampp\htdocs\cmcinfosec\protected\controllers\SiteController.php(32): SiteController->render()
#16 D:\xampp\htdocs\cmcinfosec\framework\web\actions\CInlineAction.php(50): SiteController->actionIndex()
#17 D:\xampp\htdocs\cmcinfosec\framework\web\CController.php(309): CInlineAction->runWithParams()
#18 D:\xampp\htdocs\cmcinfosec\framework\web\CController.php(287): SiteController->runAction()
#19 D:\xampp\htdocs\cmcinfosec\framework\web\CController.php(266): SiteController->runActionWithFilters()
#20 D:\xampp\htdocs\cmcinfosec\framework\web\CWebApplication.php(283): SiteController->run()
#21 D:\xampp\htdocs\cmcinfosec\framework\web\CWebApplication.php(142): CWebApplication->runController()
#22 D:\xampp\htdocs\cmcinfosec\framework\base\CApplication.php(162): CWebApplication->processRequest()
#23 D:\xampp\htdocs\cmcinfosec\index.php(13): CWebApplication->run()
REQUEST_URI=/cmcinfosec/
in D:\xampp\htdocs\cmcinfosec\protected\components\views\cmclogo.php (2)
in D:\xampp\htdocs\cmcinfosec\protected\components\cmclogo.php (10)
in D:\xampp\htdocs\cmcinfosec\protected\views\layouts\main.php (31)
2012/09/21 21:50:08 [error] [php] Undefined variable: logo_src (D:\xampp\htdocs\cmcinfosec\protected\components\views\cmclogo.php:2)
Stack trace:
#0 D:\xampp\htdocs\cmcinfosec\framework\web\widgets\CWidget.php(244): cmclogo->renderFile()
#1 D:\xampp\htdocs\cmcinfosec\protected\components\cmclogo.php(10): cmclogo->render()
#2 D:\xampp\htdocs\cmcinfosec\framework\web\CBaseController.php(174): cmclogo->run()
#3 D:\xampp\htdocs\cmcinfosec\protected\views\layouts\main.php(31): SiteController->widget()
#4 D:\xampp\htdocs\cmcinfosec\framework\web\CBaseController.php(127): require()
#5 D:\xampp\htdocs\cmcinfosec\framework\web\CBaseController.php(96): SiteController->renderInternal()
#6 D:\xampp\htdocs\cmcinfosec\framework\web\widgets\CContentDecorator.php(77): SiteController->renderFile()
#7 D:\xampp\htdocs\cmcinfosec\framework\web\widgets\CContentDecorator.php(55): CContentDecorator->decorate()
#8 D:\xampp\htdocs\cmcinfosec\framework\web\widgets\COutputProcessor.php(45): CContentDecorator->processOutput()
#9 D:\xampp\htdocs\cmcinfosec\framework\web\CBaseController.php(207): CContentDecorator->run()
#10 D:\xampp\htdocs\cmcinfosec\framework\web\CBaseController.php(301): SiteController->endWidget()
#11 D:\xampp\htdocs\cmcinfosec\protected\views\layouts\column1.php(6): SiteController->endContent()
#12 D:\xampp\htdocs\cmcinfosec\framework\web\CBaseController.php(127): require()
#13 D:\xampp\htdocs\cmcinfosec\framework\web\CBaseController.php(96): SiteController->renderInternal()
#14 D:\xampp\htdocs\cmcinfosec\framework\web\CController.php(785): SiteController->renderFile()
#15 D:\xampp\htdocs\cmcinfosec\protected\controllers\SiteController.php(32): SiteController->render()
#16 D:\xampp\htdocs\cmcinfosec\framework\web\actions\CInlineAction.php(50): SiteController->actionIndex()
#17 D:\xampp\htdocs\cmcinfosec\framework\web\CController.php(309): CInlineAction->runWithParams()
#18 D:\xampp\htdocs\cmcinfosec\framework\web\CController.php(287): SiteController->runAction()
#19 D:\xampp\htdocs\cmcinfosec\framework\web\CController.php(266): SiteController->runActionWithFilters()
#20 D:\xampp\htdocs\cmcinfosec\framework\web\CWebApplication.php(283): SiteController->run()
#21 D:\xampp\htdocs\cmcinfosec\framework\web\CWebApplication.php(142): CWebApplication->runController()
#22 D:\xampp\htdocs\cmcinfosec\framework\base\CApplication.php(162): CWebApplication->processRequest()
#23 D:\xampp\htdocs\cmcinfosec\index.php(13): CWebApplication->run()
REQUEST_URI=/cmcinfosec/
in D:\xampp\htdocs\cmcinfosec\protected\components\views\cmclogo.php (2)
in D:\xampp\htdocs\cmcinfosec\protected\components\cmclogo.php (10)
in D:\xampp\htdocs\cmcinfosec\protected\views\layouts\main.php (31)
2012/09/21 21:50:09 [error] [php] Undefined variable: logo_src (D:\xampp\htdocs\cmcinfosec\protected\components\views\cmclogo.php:2)
Stack trace:
#0 D:\xampp\htdocs\cmcinfosec\framework\web\widgets\CWidget.php(244): cmclogo->renderFile()
#1 D:\xampp\htdocs\cmcinfosec\protected\components\cmclogo.php(10): cmclogo->render()
#2 D:\xampp\htdocs\cmcinfosec\framework\web\CBaseController.php(174): cmclogo->run()
#3 D:\xampp\htdocs\cmcinfosec\protected\views\layouts\main.php(31): SiteController->widget()
#4 D:\xampp\htdocs\cmcinfosec\framework\web\CBaseController.php(127): require()
#5 D:\xampp\htdocs\cmcinfosec\framework\web\CBaseController.php(96): SiteController->renderInternal()
#6 D:\xampp\htdocs\cmcinfosec\framework\web\widgets\CContentDecorator.php(77): SiteController->renderFile()
#7 D:\xampp\htdocs\cmcinfosec\framework\web\widgets\CContentDecorator.php(55): CContentDecorator->decorate()
#8 D:\xampp\htdocs\cmcinfosec\framework\web\widgets\COutputProcessor.php(45): CContentDecorator->processOutput()
#9 D:\xampp\htdocs\cmcinfosec\framework\web\CBaseController.php(207): CContentDecorator->run()
#10 D:\xampp\htdocs\cmcinfosec\framework\web\CBaseController.php(301): SiteController->endWidget()
#11 D:\xampp\htdocs\cmcinfosec\protected\views\layouts\column1.php(6): SiteController->endContent()
#12 D:\xampp\htdocs\cmcinfosec\framework\web\CBaseController.php(127): require()
#13 D:\xampp\htdocs\cmcinfosec\framework\web\CBaseController.php(96): SiteController->renderInternal()
#14 D:\xampp\htdocs\cmcinfosec\framework\web\CController.php(785): SiteController->renderFile()
#15 D:\xampp\htdocs\cmcinfosec\protected\controllers\SiteController.php(32): SiteController->render()
#16 D:\xampp\htdocs\cmcinfosec\framework\web\actions\CInlineAction.php(50): SiteController->actionIndex()
#17 D:\xampp\htdocs\cmcinfosec\framework\web\CController.php(309): CInlineAction->runWithParams()
#18 D:\xampp\htdocs\cmcinfosec\framework\web\CController.php(287): SiteController->runAction()
#19 D:\xampp\htdocs\cmcinfosec\framework\web\CController.php(266): SiteController->runActionWithFilters()
#20 D:\xampp\htdocs\cmcinfosec\framework\web\CWebApplication.php(283): SiteController->run()
#21 D:\xampp\htdocs\cmcinfosec\framework\web\CWebApplication.php(142): CWebApplication->runController()
#22 D:\xampp\htdocs\cmcinfosec\framework\base\CApplication.php(162): CWebApplication->processRequest()
#23 D:\xampp\htdocs\cmcinfosec\index.php(13): CWebApplication->run()
REQUEST_URI=/cmcinfosec/
in D:\xampp\htdocs\cmcinfosec\protected\components\views\cmclogo.php (2)
in D:\xampp\htdocs\cmcinfosec\protected\components\cmclogo.php (10)
in D:\xampp\htdocs\cmcinfosec\protected\views\layouts\main.php (31)
2012/09/21 21:50:14 [error] [php] Undefined variable: logo_src (D:\xampp\htdocs\cmcinfosec\protected\components\views\cmclogo.php:2)
Stack trace:
#0 D:\xampp\htdocs\cmcinfosec\framework\web\widgets\CWidget.php(244): cmclogo->renderFile()
#1 D:\xampp\htdocs\cmcinfosec\protected\components\cmclogo.php(10): cmclogo->render()
#2 D:\xampp\htdocs\cmcinfosec\framework\web\CBaseController.php(174): cmclogo->run()
#3 D:\xampp\htdocs\cmcinfosec\protected\views\layouts\main.php(31): SiteController->widget()
#4 D:\xampp\htdocs\cmcinfosec\framework\web\CBaseController.php(127): require()
#5 D:\xampp\htdocs\cmcinfosec\framework\web\CBaseController.php(96): SiteController->renderInternal()
#6 D:\xampp\htdocs\cmcinfosec\framework\web\widgets\CContentDecorator.php(77): SiteController->renderFile()
#7 D:\xampp\htdocs\cmcinfosec\framework\web\widgets\CContentDecorator.php(55): CContentDecorator->decorate()
#8 D:\xampp\htdocs\cmcinfosec\framework\web\widgets\COutputProcessor.php(45): CContentDecorator->processOutput()
#9 D:\xampp\htdocs\cmcinfosec\framework\web\CBaseController.php(207): CContentDecorator->run()
#10 D:\xampp\htdocs\cmcinfosec\framework\web\CBaseController.php(301): SiteController->endWidget()
#11 D:\xampp\htdocs\cmcinfosec\protected\views\layouts\column1.php(6): SiteController->endContent()
#12 D:\xampp\htdocs\cmcinfosec\framework\web\CBaseController.php(127): require()
#13 D:\xampp\htdocs\cmcinfosec\framework\web\CBaseController.php(96): SiteController->renderInternal()
#14 D:\xampp\htdocs\cmcinfosec\framework\web\CController.php(785): SiteController->renderFile()
#15 D:\xampp\htdocs\cmcinfosec\protected\controllers\SiteController.php(32): SiteController->render()
#16 D:\xampp\htdocs\cmcinfosec\framework\web\actions\CInlineAction.php(50): SiteController->actionIndex()
#17 D:\xampp\htdocs\cmcinfosec\framework\web\CController.php(309): CInlineAction->runWithParams()
#18 D:\xampp\htdocs\cmcinfosec\framework\web\CController.php(287): SiteController->runAction()
#19 D:\xampp\htdocs\cmcinfosec\framework\web\CController.php(266): SiteController->runActionWithFilters()
#20 D:\xampp\htdocs\cmcinfosec\framework\web\CWebApplication.php(283): SiteController->run()
#21 D:\xampp\htdocs\cmcinfosec\framework\web\CWebApplication.php(142): CWebApplication->runController()
#22 D:\xampp\htdocs\cmcinfosec\framework\base\CApplication.php(162): CWebApplication->processRequest()
#23 D:\xampp\htdocs\cmcinfosec\index.php(13): CWebApplication->run()
REQUEST_URI=/cmcinfosec/
in D:\xampp\htdocs\cmcinfosec\protected\components\views\cmclogo.php (2)
in D:\xampp\htdocs\cmcinfosec\protected\components\cmclogo.php (10)
in D:\xampp\htdocs\cmcinfosec\protected\views\layouts\main.php (31)
2012/09/21 21:51:27 [error] [php] Undefined variable: logo_src (D:\xampp\htdocs\cmcinfosec\protected\components\views\cmclogo.php:2)
Stack trace:
#0 D:\xampp\htdocs\cmcinfosec\framework\web\widgets\CWidget.php(244): cmclogo->renderFile()
#1 D:\xampp\htdocs\cmcinfosec\protected\components\cmclogo.php(10): cmclogo->render()
#2 D:\xampp\htdocs\cmcinfosec\framework\web\CBaseController.php(174): cmclogo->run()
#3 D:\xampp\htdocs\cmcinfosec\protected\views\layouts\main.php(31): SiteController->widget()
#4 D:\xampp\htdocs\cmcinfosec\framework\web\CBaseController.php(127): require()
#5 D:\xampp\htdocs\cmcinfosec\framework\web\CBaseController.php(96): SiteController->renderInternal()
#6 D:\xampp\htdocs\cmcinfosec\framework\web\widgets\CContentDecorator.php(77): SiteController->renderFile()
#7 D:\xampp\htdocs\cmcinfosec\framework\web\widgets\CContentDecorator.php(55): CContentDecorator->decorate()
#8 D:\xampp\htdocs\cmcinfosec\framework\web\widgets\COutputProcessor.php(45): CContentDecorator->processOutput()
#9 D:\xampp\htdocs\cmcinfosec\framework\web\CBaseController.php(207): CContentDecorator->run()
#10 D:\xampp\htdocs\cmcinfosec\framework\web\CBaseController.php(301): SiteController->endWidget()
#11 D:\xampp\htdocs\cmcinfosec\protected\views\layouts\column1.php(6): SiteController->endContent()
#12 D:\xampp\htdocs\cmcinfosec\framework\web\CBaseController.php(127): require()
#13 D:\xampp\htdocs\cmcinfosec\framework\web\CBaseController.php(96): SiteController->renderInternal()
#14 D:\xampp\htdocs\cmcinfosec\framework\web\CController.php(785): SiteController->renderFile()
#15 D:\xampp\htdocs\cmcinfosec\protected\controllers\SiteController.php(32): SiteController->render()
#16 D:\xampp\htdocs\cmcinfosec\framework\web\actions\CInlineAction.php(50): SiteController->actionIndex()
#17 D:\xampp\htdocs\cmcinfosec\framework\web\CController.php(309): CInlineAction->runWithParams()
#18 D:\xampp\htdocs\cmcinfosec\framework\web\CController.php(287): SiteController->runAction()
#19 D:\xampp\htdocs\cmcinfosec\framework\web\CController.php(266): SiteController->runActionWithFilters()
#20 D:\xampp\htdocs\cmcinfosec\framework\web\CWebApplication.php(283): SiteController->run()
#21 D:\xampp\htdocs\cmcinfosec\framework\web\CWebApplication.php(142): CWebApplication->runController()
#22 D:\xampp\htdocs\cmcinfosec\framework\base\CApplication.php(162): CWebApplication->processRequest()
#23 D:\xampp\htdocs\cmcinfosec\index.php(13): CWebApplication->run()
REQUEST_URI=/cmcinfosec/
in D:\xampp\htdocs\cmcinfosec\protected\components\views\cmclogo.php (2)
in D:\xampp\htdocs\cmcinfosec\protected\components\cmclogo.php (10)
in D:\xampp\htdocs\cmcinfosec\protected\views\layouts\main.php (31)
2012/09/21 21:51:28 [error] [php] Undefined variable: logo_src (D:\xampp\htdocs\cmcinfosec\protected\components\views\cmclogo.php:2)
Stack trace:
#0 D:\xampp\htdocs\cmcinfosec\framework\web\widgets\CWidget.php(244): cmclogo->renderFile()
#1 D:\xampp\htdocs\cmcinfosec\protected\components\cmclogo.php(10): cmclogo->render()
#2 D:\xampp\htdocs\cmcinfosec\framework\web\CBaseController.php(174): cmclogo->run()
#3 D:\xampp\htdocs\cmcinfosec\protected\views\layouts\main.php(31): SiteController->widget()
#4 D:\xampp\htdocs\cmcinfosec\framework\web\CBaseController.php(127): require()
#5 D:\xampp\htdocs\cmcinfosec\framework\web\CBaseController.php(96): SiteController->renderInternal()
#6 D:\xampp\htdocs\cmcinfosec\framework\web\widgets\CContentDecorator.php(77): SiteController->renderFile()
#7 D:\xampp\htdocs\cmcinfosec\framework\web\widgets\CContentDecorator.php(55): CContentDecorator->decorate()
#8 D:\xampp\htdocs\cmcinfosec\framework\web\widgets\COutputProcessor.php(45): CContentDecorator->processOutput()
#9 D:\xampp\htdocs\cmcinfosec\framework\web\CBaseController.php(207): CContentDecorator->run()
#10 D:\xampp\htdocs\cmcinfosec\framework\web\CBaseController.php(301): SiteController->endWidget()
#11 D:\xampp\htdocs\cmcinfosec\protected\views\layouts\column1.php(6): SiteController->endContent()
#12 D:\xampp\htdocs\cmcinfosec\framework\web\CBaseController.php(127): require()
#13 D:\xampp\htdocs\cmcinfosec\framework\web\CBaseController.php(96): SiteController->renderInternal()
#14 D:\xampp\htdocs\cmcinfosec\framework\web\CController.php(785): SiteController->renderFile()
#15 D:\xampp\htdocs\cmcinfosec\protected\controllers\SiteController.php(32): SiteController->render()
#16 D:\xampp\htdocs\cmcinfosec\framework\web\actions\CInlineAction.php(50): SiteController->actionIndex()
#17 D:\xampp\htdocs\cmcinfosec\framework\web\CController.php(309): CInlineAction->runWithParams()
#18 D:\xampp\htdocs\cmcinfosec\framework\web\CController.php(287): SiteController->runAction()
#19 D:\xampp\htdocs\cmcinfosec\framework\web\CController.php(266): SiteController->runActionWithFilters()
#20 D:\xampp\htdocs\cmcinfosec\framework\web\CWebApplication.php(283): SiteController->run()
#21 D:\xampp\htdocs\cmcinfosec\framework\web\CWebApplication.php(142): CWebApplication->runController()
#22 D:\xampp\htdocs\cmcinfosec\framework\base\CApplication.php(162): CWebApplication->processRequest()
#23 D:\xampp\htdocs\cmcinfosec\index.php(13): CWebApplication->run()
REQUEST_URI=/cmcinfosec/
in D:\xampp\htdocs\cmcinfosec\protected\components\views\cmclogo.php (2)
in D:\xampp\htdocs\cmcinfosec\protected\components\cmclogo.php (10)
in D:\xampp\htdocs\cmcinfosec\protected\views\layouts\main.php (31)
2012/09/21 21:51:48 [error] [php] Undefined variable: logo_src (D:\xampp\htdocs\cmcinfosec\protected\components\views\cmclogo.php:2)
Stack trace:
#0 D:\xampp\htdocs\cmcinfosec\framework\web\widgets\CWidget.php(244): cmclogo->renderFile()
#1 D:\xampp\htdocs\cmcinfosec\protected\components\cmclogo.php(10): cmclogo->render()
#2 D:\xampp\htdocs\cmcinfosec\framework\web\CBaseController.php(174): cmclogo->run()
#3 D:\xampp\htdocs\cmcinfosec\protected\views\layouts\main.php(31): SiteController->widget()
#4 D:\xampp\htdocs\cmcinfosec\framework\web\CBaseController.php(127): require()
#5 D:\xampp\htdocs\cmcinfosec\framework\web\CBaseController.php(96): SiteController->renderInternal()
#6 D:\xampp\htdocs\cmcinfosec\framework\web\widgets\CContentDecorator.php(77): SiteController->renderFile()
#7 D:\xampp\htdocs\cmcinfosec\framework\web\widgets\CContentDecorator.php(55): CContentDecorator->decorate()
#8 D:\xampp\htdocs\cmcinfosec\framework\web\widgets\COutputProcessor.php(45): CContentDecorator->processOutput()
#9 D:\xampp\htdocs\cmcinfosec\framework\web\CBaseController.php(207): CContentDecorator->run()
#10 D:\xampp\htdocs\cmcinfosec\framework\web\CBaseController.php(301): SiteController->endWidget()
#11 D:\xampp\htdocs\cmcinfosec\protected\views\layouts\column1.php(6): SiteController->endContent()
#12 D:\xampp\htdocs\cmcinfosec\framework\web\CBaseController.php(127): require()
#13 D:\xampp\htdocs\cmcinfosec\framework\web\CBaseController.php(96): SiteController->renderInternal()
#14 D:\xampp\htdocs\cmcinfosec\framework\web\CController.php(785): SiteController->renderFile()
#15 D:\xampp\htdocs\cmcinfosec\protected\controllers\SiteController.php(32): SiteController->render()
#16 D:\xampp\htdocs\cmcinfosec\framework\web\actions\CInlineAction.php(50): SiteController->actionIndex()
#17 D:\xampp\htdocs\cmcinfosec\framework\web\CController.php(309): CInlineAction->runWithParams()
#18 D:\xampp\htdocs\cmcinfosec\framework\web\CController.php(287): SiteController->runAction()
#19 D:\xampp\htdocs\cmcinfosec\framework\web\CController.php(266): SiteController->runActionWithFilters()
#20 D:\xampp\htdocs\cmcinfosec\framework\web\CWebApplication.php(283): SiteController->run()
#21 D:\xampp\htdocs\cmcinfosec\framework\web\CWebApplication.php(142): CWebApplication->runController()
#22 D:\xampp\htdocs\cmcinfosec\framework\base\CApplication.php(162): CWebApplication->processRequest()
#23 D:\xampp\htdocs\cmcinfosec\index.php(13): CWebApplication->run()
REQUEST_URI=/cmcinfosec/
in D:\xampp\htdocs\cmcinfosec\protected\components\views\cmclogo.php (2)
in D:\xampp\htdocs\cmcinfosec\protected\components\cmclogo.php (10)
in D:\xampp\htdocs\cmcinfosec\protected\views\layouts\main.php (31)
2012/09/21 21:58:36 [error] [php] Undefined variable: logo_src (D:\xampp\htdocs\cmcinfosec\protected\components\views\cmclogo.php:2)
Stack trace:
#0 D:\xampp\htdocs\cmcinfosec\framework\web\widgets\CWidget.php(244): cmclogo->renderFile()
#1 D:\xampp\htdocs\cmcinfosec\protected\components\cmclogo.php(10): cmclogo->render()
#2 D:\xampp\htdocs\cmcinfosec\framework\web\CBaseController.php(174): cmclogo->run()
#3 D:\xampp\htdocs\cmcinfosec\protected\views\layouts\main.php(31): SiteController->widget()
#4 D:\xampp\htdocs\cmcinfosec\framework\web\CBaseController.php(127): require()
#5 D:\xampp\htdocs\cmcinfosec\framework\web\CBaseController.php(96): SiteController->renderInternal()
#6 D:\xampp\htdocs\cmcinfosec\framework\web\widgets\CContentDecorator.php(77): SiteController->renderFile()
#7 D:\xampp\htdocs\cmcinfosec\framework\web\widgets\CContentDecorator.php(55): CContentDecorator->decorate()
#8 D:\xampp\htdocs\cmcinfosec\framework\web\widgets\COutputProcessor.php(45): CContentDecorator->processOutput()
#9 D:\xampp\htdocs\cmcinfosec\framework\web\CBaseController.php(207): CContentDecorator->run()
#10 D:\xampp\htdocs\cmcinfosec\framework\web\CBaseController.php(301): SiteController->endWidget()
#11 D:\xampp\htdocs\cmcinfosec\protected\views\layouts\column1.php(6): SiteController->endContent()
#12 D:\xampp\htdocs\cmcinfosec\framework\web\CBaseController.php(127): require()
#13 D:\xampp\htdocs\cmcinfosec\framework\web\CBaseController.php(96): SiteController->renderInternal()
#14 D:\xampp\htdocs\cmcinfosec\framework\web\CController.php(785): SiteController->renderFile()
#15 D:\xampp\htdocs\cmcinfosec\protected\controllers\SiteController.php(32): SiteController->render()
#16 D:\xampp\htdocs\cmcinfosec\framework\web\actions\CInlineAction.php(50): SiteController->actionIndex()
#17 D:\xampp\htdocs\cmcinfosec\framework\web\CController.php(309): CInlineAction->runWithParams()
#18 D:\xampp\htdocs\cmcinfosec\framework\web\CController.php(287): SiteController->runAction()
#19 D:\xampp\htdocs\cmcinfosec\framework\web\CController.php(266): SiteController->runActionWithFilters()
#20 D:\xampp\htdocs\cmcinfosec\framework\web\CWebApplication.php(283): SiteController->run()
#21 D:\xampp\htdocs\cmcinfosec\framework\web\CWebApplication.php(142): CWebApplication->runController()
#22 D:\xampp\htdocs\cmcinfosec\framework\base\CApplication.php(162): CWebApplication->processRequest()
#23 D:\xampp\htdocs\cmcinfosec\index.php(13): CWebApplication->run()
REQUEST_URI=/cmcinfosec/
in D:\xampp\htdocs\cmcinfosec\protected\components\views\cmclogo.php (2)
in D:\xampp\htdocs\cmcinfosec\protected\components\cmclogo.php (10)
in D:\xampp\htdocs\cmcinfosec\protected\views\layouts\main.php (31)
2012/09/21 21:58:37 [error] [php] Undefined variable: logo_src (D:\xampp\htdocs\cmcinfosec\protected\components\views\cmclogo.php:2)
Stack trace:
#0 D:\xampp\htdocs\cmcinfosec\framework\web\widgets\CWidget.php(244): cmclogo->renderFile()
#1 D:\xampp\htdocs\cmcinfosec\protected\components\cmclogo.php(10): cmclogo->render()
#2 D:\xampp\htdocs\cmcinfosec\framework\web\CBaseController.php(174): cmclogo->run()
#3 D:\xampp\htdocs\cmcinfosec\protected\views\layouts\main.php(31): SiteController->widget()
#4 D:\xampp\htdocs\cmcinfosec\framework\web\CBaseController.php(127): require()
#5 D:\xampp\htdocs\cmcinfosec\framework\web\CBaseController.php(96): SiteController->renderInternal()
#6 D:\xampp\htdocs\cmcinfosec\framework\web\widgets\CContentDecorator.php(77): SiteController->renderFile()
#7 D:\xampp\htdocs\cmcinfosec\framework\web\widgets\CContentDecorator.php(55): CContentDecorator->decorate()
#8 D:\xampp\htdocs\cmcinfosec\framework\web\widgets\COutputProcessor.php(45): CContentDecorator->processOutput()
#9 D:\xampp\htdocs\cmcinfosec\framework\web\CBaseController.php(207): CContentDecorator->run()
#10 D:\xampp\htdocs\cmcinfosec\framework\web\CBaseController.php(301): SiteController->endWidget()
#11 D:\xampp\htdocs\cmcinfosec\protected\views\layouts\column1.php(6): SiteController->endContent()
#12 D:\xampp\htdocs\cmcinfosec\framework\web\CBaseController.php(127): require()
#13 D:\xampp\htdocs\cmcinfosec\framework\web\CBaseController.php(96): SiteController->renderInternal()
#14 D:\xampp\htdocs\cmcinfosec\framework\web\CController.php(785): SiteController->renderFile()
#15 D:\xampp\htdocs\cmcinfosec\protected\controllers\SiteController.php(32): SiteController->render()
#16 D:\xampp\htdocs\cmcinfosec\framework\web\actions\CInlineAction.php(50): SiteController->actionIndex()
#17 D:\xampp\htdocs\cmcinfosec\framework\web\CController.php(309): CInlineAction->runWithParams()
#18 D:\xampp\htdocs\cmcinfosec\framework\web\CController.php(287): SiteController->runAction()
#19 D:\xampp\htdocs\cmcinfosec\framework\web\CController.php(266): SiteController->runActionWithFilters()
#20 D:\xampp\htdocs\cmcinfosec\framework\web\CWebApplication.php(283): SiteController->run()
#21 D:\xampp\htdocs\cmcinfosec\framework\web\CWebApplication.php(142): CWebApplication->runController()
#22 D:\xampp\htdocs\cmcinfosec\framework\base\CApplication.php(162): CWebApplication->processRequest()
#23 D:\xampp\htdocs\cmcinfosec\index.php(13): CWebApplication->run()
REQUEST_URI=/cmcinfosec/
in D:\xampp\htdocs\cmcinfosec\protected\components\views\cmclogo.php (2)
in D:\xampp\htdocs\cmcinfosec\protected\components\cmclogo.php (10)
in D:\xampp\htdocs\cmcinfosec\protected\views\layouts\main.php (31)
2012/09/21 22:00:59 [error] [php] Undefined variable: logo_src (D:\xampp\htdocs\cmcinfosec\protected\components\views\cmclogo.php:2)
Stack trace:
#0 D:\xampp\htdocs\cmcinfosec\framework\web\widgets\CWidget.php(244): cmclogo->renderFile()
#1 D:\xampp\htdocs\cmcinfosec\protected\components\cmclogo.php(10): cmclogo->render()
#2 D:\xampp\htdocs\cmcinfosec\framework\web\CBaseController.php(174): cmclogo->run()
#3 D:\xampp\htdocs\cmcinfosec\protected\views\layouts\main.php(31): SiteController->widget()
#4 D:\xampp\htdocs\cmcinfosec\framework\web\CBaseController.php(127): require()
#5 D:\xampp\htdocs\cmcinfosec\framework\web\CBaseController.php(96): SiteController->renderInternal()
#6 D:\xampp\htdocs\cmcinfosec\framework\web\widgets\CContentDecorator.php(77): SiteController->renderFile()
#7 D:\xampp\htdocs\cmcinfosec\framework\web\widgets\CContentDecorator.php(55): CContentDecorator->decorate()
#8 D:\xampp\htdocs\cmcinfosec\framework\web\widgets\COutputProcessor.php(45): CContentDecorator->processOutput()
#9 D:\xampp\htdocs\cmcinfosec\framework\web\CBaseController.php(207): CContentDecorator->run()
#10 D:\xampp\htdocs\cmcinfosec\framework\web\CBaseController.php(301): SiteController->endWidget()
#11 D:\xampp\htdocs\cmcinfosec\protected\views\layouts\column1.php(6): SiteController->endContent()
#12 D:\xampp\htdocs\cmcinfosec\framework\web\CBaseController.php(127): require()
#13 D:\xampp\htdocs\cmcinfosec\framework\web\CBaseController.php(96): SiteController->renderInternal()
#14 D:\xampp\htdocs\cmcinfosec\framework\web\CController.php(785): SiteController->renderFile()
#15 D:\xampp\htdocs\cmcinfosec\protected\controllers\SiteController.php(32): SiteController->render()
#16 D:\xampp\htdocs\cmcinfosec\framework\web\actions\CInlineAction.php(50): SiteController->actionIndex()
#17 D:\xampp\htdocs\cmcinfosec\framework\web\CController.php(309): CInlineAction->runWithParams()
#18 D:\xampp\htdocs\cmcinfosec\framework\web\CController.php(287): SiteController->runAction()
#19 D:\xampp\htdocs\cmcinfosec\framework\web\CController.php(266): SiteController->runActionWithFilters()
#20 D:\xampp\htdocs\cmcinfosec\framework\web\CWebApplication.php(283): SiteController->run()
#21 D:\xampp\htdocs\cmcinfosec\framework\web\CWebApplication.php(142): CWebApplication->runController()
#22 D:\xampp\htdocs\cmcinfosec\framework\base\CApplication.php(162): CWebApplication->processRequest()
#23 D:\xampp\htdocs\cmcinfosec\index.php(13): CWebApplication->run()
REQUEST_URI=/cmcinfosec/
in D:\xampp\htdocs\cmcinfosec\protected\components\views\cmclogo.php (2)
in D:\xampp\htdocs\cmcinfosec\protected\components\cmclogo.php (10)
in D:\xampp\htdocs\cmcinfosec\protected\views\layouts\main.php (31)
2012/09/21 22:22:19 [error] [php] Undefined variable: logo_src (D:\xampp\htdocs\cmcinfosec\protected\components\views\cmclogo.php:2)
Stack trace:
#0 D:\xampp\htdocs\cmcinfosec\framework\web\widgets\CWidget.php(244): cmclogo->renderFile()
#1 D:\xampp\htdocs\cmcinfosec\protected\components\cmclogo.php(10): cmclogo->render()
#2 D:\xampp\htdocs\cmcinfosec\framework\web\CBaseController.php(174): cmclogo->run()
#3 D:\xampp\htdocs\cmcinfosec\protected\views\layouts\main.php(31): SiteController->widget()
#4 D:\xampp\htdocs\cmcinfosec\framework\web\CBaseController.php(127): require()
#5 D:\xampp\htdocs\cmcinfosec\framework\web\CBaseController.php(96): SiteController->renderInternal()
#6 D:\xampp\htdocs\cmcinfosec\framework\web\widgets\CContentDecorator.php(77): SiteController->renderFile()
#7 D:\xampp\htdocs\cmcinfosec\framework\web\widgets\CContentDecorator.php(55): CContentDecorator->decorate()
#8 D:\xampp\htdocs\cmcinfosec\framework\web\widgets\COutputProcessor.php(45): CContentDecorator->processOutput()
#9 D:\xampp\htdocs\cmcinfosec\framework\web\CBaseController.php(207): CContentDecorator->run()
#10 D:\xampp\htdocs\cmcinfosec\framework\web\CBaseController.php(301): SiteController->endWidget()
#11 D:\xampp\htdocs\cmcinfosec\protected\views\layouts\column1.php(6): SiteController->endContent()
#12 D:\xampp\htdocs\cmcinfosec\framework\web\CBaseController.php(127): require()
#13 D:\xampp\htdocs\cmcinfosec\framework\web\CBaseController.php(96): SiteController->renderInternal()
#14 D:\xampp\htdocs\cmcinfosec\framework\web\CController.php(785): SiteController->renderFile()
#15 D:\xampp\htdocs\cmcinfosec\protected\controllers\SiteController.php(32): SiteController->render()
#16 D:\xampp\htdocs\cmcinfosec\framework\web\actions\CInlineAction.php(50): SiteController->actionIndex()
#17 D:\xampp\htdocs\cmcinfosec\framework\web\CController.php(309): CInlineAction->runWithParams()
#18 D:\xampp\htdocs\cmcinfosec\framework\web\CController.php(287): SiteController->runAction()
#19 D:\xampp\htdocs\cmcinfosec\framework\web\CController.php(266): SiteController->runActionWithFilters()
#20 D:\xampp\htdocs\cmcinfosec\framework\web\CWebApplication.php(283): SiteController->run()
#21 D:\xampp\htdocs\cmcinfosec\framework\web\CWebApplication.php(142): CWebApplication->runController()
#22 D:\xampp\htdocs\cmcinfosec\framework\base\CApplication.php(162): CWebApplication->processRequest()
#23 D:\xampp\htdocs\cmcinfosec\index.php(13): CWebApplication->run()
REQUEST_URI=/cmcinfosec/
in D:\xampp\htdocs\cmcinfosec\protected\components\views\cmclogo.php (2)
in D:\xampp\htdocs\cmcinfosec\protected\components\cmclogo.php (10)
in D:\xampp\htdocs\cmcinfosec\protected\views\layouts\main.php (31)
2012/09/21 22:22:37 [error] [php] Undefined variable: logosrc (D:\xampp\htdocs\cmcinfosec\protected\components\views\cmclogo.php:2)
Stack trace:
#0 D:\xampp\htdocs\cmcinfosec\framework\web\widgets\CWidget.php(244): cmclogo->renderFile()
#1 D:\xampp\htdocs\cmcinfosec\protected\components\cmclogo.php(10): cmclogo->render()
#2 D:\xampp\htdocs\cmcinfosec\framework\web\CBaseController.php(174): cmclogo->run()
#3 D:\xampp\htdocs\cmcinfosec\protected\views\layouts\main.php(31): SiteController->widget()
#4 D:\xampp\htdocs\cmcinfosec\framework\web\CBaseController.php(127): require()
#5 D:\xampp\htdocs\cmcinfosec\framework\web\CBaseController.php(96): SiteController->renderInternal()
#6 D:\xampp\htdocs\cmcinfosec\framework\web\widgets\CContentDecorator.php(77): SiteController->renderFile()
#7 D:\xampp\htdocs\cmcinfosec\framework\web\widgets\CContentDecorator.php(55): CContentDecorator->decorate()
#8 D:\xampp\htdocs\cmcinfosec\framework\web\widgets\COutputProcessor.php(45): CContentDecorator->processOutput()
#9 D:\xampp\htdocs\cmcinfosec\framework\web\CBaseController.php(207): CContentDecorator->run()
#10 D:\xampp\htdocs\cmcinfosec\framework\web\CBaseController.php(301): SiteController->endWidget()
#11 D:\xampp\htdocs\cmcinfosec\protected\views\layouts\column1.php(6): SiteController->endContent()
#12 D:\xampp\htdocs\cmcinfosec\framework\web\CBaseController.php(127): require()
#13 D:\xampp\htdocs\cmcinfosec\framework\web\CBaseController.php(96): SiteController->renderInternal()
#14 D:\xampp\htdocs\cmcinfosec\framework\web\CController.php(785): SiteController->renderFile()
#15 D:\xampp\htdocs\cmcinfosec\protected\controllers\SiteController.php(32): SiteController->render()
#16 D:\xampp\htdocs\cmcinfosec\framework\web\actions\CInlineAction.php(50): SiteController->actionIndex()
#17 D:\xampp\htdocs\cmcinfosec\framework\web\CController.php(309): CInlineAction->runWithParams()
#18 D:\xampp\htdocs\cmcinfosec\framework\web\CController.php(287): SiteController->runAction()
#19 D:\xampp\htdocs\cmcinfosec\framework\web\CController.php(266): SiteController->runActionWithFilters()
#20 D:\xampp\htdocs\cmcinfosec\framework\web\CWebApplication.php(283): SiteController->run()
#21 D:\xampp\htdocs\cmcinfosec\framework\web\CWebApplication.php(142): CWebApplication->runController()
#22 D:\xampp\htdocs\cmcinfosec\framework\base\CApplication.php(162): CWebApplication->processRequest()
#23 D:\xampp\htdocs\cmcinfosec\index.php(13): CWebApplication->run()
REQUEST_URI=/cmcinfosec/
in D:\xampp\htdocs\cmcinfosec\protected\components\views\cmclogo.php (2)
in D:\xampp\htdocs\cmcinfosec\protected\components\cmclogo.php (10)
in D:\xampp\htdocs\cmcinfosec\protected\views\layouts\main.php (31)
2012/09/21 22:22:38 [error] [php] Undefined variable: logosrc (D:\xampp\htdocs\cmcinfosec\protected\components\views\cmclogo.php:2)
Stack trace:
#0 D:\xampp\htdocs\cmcinfosec\framework\web\widgets\CWidget.php(244): cmclogo->renderFile()
#1 D:\xampp\htdocs\cmcinfosec\protected\components\cmclogo.php(10): cmclogo->render()
#2 D:\xampp\htdocs\cmcinfosec\framework\web\CBaseController.php(174): cmclogo->run()
#3 D:\xampp\htdocs\cmcinfosec\protected\views\layouts\main.php(31): SiteController->widget()
#4 D:\xampp\htdocs\cmcinfosec\framework\web\CBaseController.php(127): require()
#5 D:\xampp\htdocs\cmcinfosec\framework\web\CBaseController.php(96): SiteController->renderInternal()
#6 D:\xampp\htdocs\cmcinfosec\framework\web\widgets\CContentDecorator.php(77): SiteController->renderFile()
#7 D:\xampp\htdocs\cmcinfosec\framework\web\widgets\CContentDecorator.php(55): CContentDecorator->decorate()
#8 D:\xampp\htdocs\cmcinfosec\framework\web\widgets\COutputProcessor.php(45): CContentDecorator->processOutput()
#9 D:\xampp\htdocs\cmcinfosec\framework\web\CBaseController.php(207): CContentDecorator->run()
#10 D:\xampp\htdocs\cmcinfosec\framework\web\CBaseController.php(301): SiteController->endWidget()
#11 D:\xampp\htdocs\cmcinfosec\protected\views\layouts\column1.php(6): SiteController->endContent()
#12 D:\xampp\htdocs\cmcinfosec\framework\web\CBaseController.php(127): require()
#13 D:\xampp\htdocs\cmcinfosec\framework\web\CBaseController.php(96): SiteController->renderInternal()
#14 D:\xampp\htdocs\cmcinfosec\framework\web\CController.php(785): SiteController->renderFile()
#15 D:\xampp\htdocs\cmcinfosec\protected\controllers\SiteController.php(32): SiteController->render()
#16 D:\xampp\htdocs\cmcinfosec\framework\web\actions\CInlineAction.php(50): SiteController->actionIndex()
#17 D:\xampp\htdocs\cmcinfosec\framework\web\CController.php(309): CInlineAction->runWithParams()
#18 D:\xampp\htdocs\cmcinfosec\framework\web\CController.php(287): SiteController->runAction()
#19 D:\xampp\htdocs\cmcinfosec\framework\web\CController.php(266): SiteController->runActionWithFilters()
#20 D:\xampp\htdocs\cmcinfosec\framework\web\CWebApplication.php(283): SiteController->run()
#21 D:\xampp\htdocs\cmcinfosec\framework\web\CWebApplication.php(142): CWebApplication->runController()
#22 D:\xampp\htdocs\cmcinfosec\framework\base\CApplication.php(162): CWebApplication->processRequest()
#23 D:\xampp\htdocs\cmcinfosec\index.php(13): CWebApplication->run()
REQUEST_URI=/cmcinfosec/
in D:\xampp\htdocs\cmcinfosec\protected\components\views\cmclogo.php (2)
in D:\xampp\htdocs\cmcinfosec\protected\components\cmclogo.php (10)
in D:\xampp\htdocs\cmcinfosec\protected\views\layouts\main.php (31)
2012/09/22 04:06:14 [error] [php] Undefined variable: logosrc (D:\xampp\htdocs\cmcinfosec\protected\components\views\cmclogo.php:2)
Stack trace:
#0 D:\xampp\htdocs\cmcinfosec\framework\web\widgets\CWidget.php(244): Cmclogo->renderFile()
#1 D:\xampp\htdocs\cmcinfosec\protected\components\Cmclogo.php(11): Cmclogo->render()
#2 D:\xampp\htdocs\cmcinfosec\framework\web\CBaseController.php(174): Cmclogo->run()
#3 D:\xampp\htdocs\cmcinfosec\protected\views\layouts\main.php(31): SiteController->widget()
#4 D:\xampp\htdocs\cmcinfosec\framework\web\CBaseController.php(127): require()
#5 D:\xampp\htdocs\cmcinfosec\framework\web\CBaseController.php(96): SiteController->renderInternal()
#6 D:\xampp\htdocs\cmcinfosec\framework\web\widgets\CContentDecorator.php(77): SiteController->renderFile()
#7 D:\xampp\htdocs\cmcinfosec\framework\web\widgets\CContentDecorator.php(55): CContentDecorator->decorate()
#8 D:\xampp\htdocs\cmcinfosec\framework\web\widgets\COutputProcessor.php(45): CContentDecorator->processOutput()
#9 D:\xampp\htdocs\cmcinfosec\framework\web\CBaseController.php(207): CContentDecorator->run()
#10 D:\xampp\htdocs\cmcinfosec\framework\web\CBaseController.php(301): SiteController->endWidget()
#11 D:\xampp\htdocs\cmcinfosec\protected\views\layouts\column1.php(6): SiteController->endContent()
#12 D:\xampp\htdocs\cmcinfosec\framework\web\CBaseController.php(127): require()
#13 D:\xampp\htdocs\cmcinfosec\framework\web\CBaseController.php(96): SiteController->renderInternal()
#14 D:\xampp\htdocs\cmcinfosec\framework\web\CController.php(785): SiteController->renderFile()
#15 D:\xampp\htdocs\cmcinfosec\protected\controllers\SiteController.php(32): SiteController->render()
#16 D:\xampp\htdocs\cmcinfosec\framework\web\actions\CInlineAction.php(50): SiteController->actionIndex()
#17 D:\xampp\htdocs\cmcinfosec\framework\web\CController.php(309): CInlineAction->runWithParams()
#18 D:\xampp\htdocs\cmcinfosec\framework\web\CController.php(287): SiteController->runAction()
#19 D:\xampp\htdocs\cmcinfosec\framework\web\CController.php(266): SiteController->runActionWithFilters()
#20 D:\xampp\htdocs\cmcinfosec\framework\web\CWebApplication.php(283): SiteController->run()
#21 D:\xampp\htdocs\cmcinfosec\framework\web\CWebApplication.php(142): CWebApplication->runController()
#22 D:\xampp\htdocs\cmcinfosec\framework\base\CApplication.php(162): CWebApplication->processRequest()
#23 D:\xampp\htdocs\cmcinfosec\index.php(13): CWebApplication->run()
REQUEST_URI=/cmcinfosec/
in D:\xampp\htdocs\cmcinfosec\protected\components\views\cmclogo.php (2)
in D:\xampp\htdocs\cmcinfosec\protected\components\Cmclogo.php (11)
in D:\xampp\htdocs\cmcinfosec\protected\views\layouts\main.php (31)
2012/09/22 04:06:54 [error] [php] Undefined variable: logosrc (D:\xampp\htdocs\cmcinfosec\protected\components\views\cmclogo.php:2)
Stack trace:
#0 D:\xampp\htdocs\cmcinfosec\framework\web\widgets\CWidget.php(244): Cmclogo->renderFile()
#1 D:\xampp\htdocs\cmcinfosec\protected\components\Cmclogo.php(11): Cmclogo->render()
#2 D:\xampp\htdocs\cmcinfosec\framework\web\CBaseController.php(174): Cmclogo->run()
#3 D:\xampp\htdocs\cmcinfosec\protected\views\layouts\main.php(31): SiteController->widget()
#4 D:\xampp\htdocs\cmcinfosec\framework\web\CBaseController.php(127): require()
#5 D:\xampp\htdocs\cmcinfosec\framework\web\CBaseController.php(96): SiteController->renderInternal()
#6 D:\xampp\htdocs\cmcinfosec\framework\web\widgets\CContentDecorator.php(77): SiteController->renderFile()
#7 D:\xampp\htdocs\cmcinfosec\framework\web\widgets\CContentDecorator.php(55): CContentDecorator->decorate()
#8 D:\xampp\htdocs\cmcinfosec\framework\web\widgets\COutputProcessor.php(45): CContentDecorator->processOutput()
#9 D:\xampp\htdocs\cmcinfosec\framework\web\CBaseController.php(207): CContentDecorator->run()
#10 D:\xampp\htdocs\cmcinfosec\framework\web\CBaseController.php(301): SiteController->endWidget()
#11 D:\xampp\htdocs\cmcinfosec\protected\views\layouts\column1.php(6): SiteController->endContent()
#12 D:\xampp\htdocs\cmcinfosec\framework\web\CBaseController.php(127): require()
#13 D:\xampp\htdocs\cmcinfosec\framework\web\CBaseController.php(96): SiteController->renderInternal()
#14 D:\xampp\htdocs\cmcinfosec\framework\web\CController.php(785): SiteController->renderFile()
#15 D:\xampp\htdocs\cmcinfosec\protected\controllers\SiteController.php(32): SiteController->render()
#16 D:\xampp\htdocs\cmcinfosec\framework\web\actions\CInlineAction.php(50): SiteController->actionIndex()
#17 D:\xampp\htdocs\cmcinfosec\framework\web\CController.php(309): CInlineAction->runWithParams()
#18 D:\xampp\htdocs\cmcinfosec\framework\web\CController.php(287): SiteController->runAction()
#19 D:\xampp\htdocs\cmcinfosec\framework\web\CController.php(266): SiteController->runActionWithFilters()
#20 D:\xampp\htdocs\cmcinfosec\framework\web\CWebApplication.php(283): SiteController->run()
#21 D:\xampp\htdocs\cmcinfosec\framework\web\CWebApplication.php(142): CWebApplication->runController()
#22 D:\xampp\htdocs\cmcinfosec\framework\base\CApplication.php(162): CWebApplication->processRequest()
#23 D:\xampp\htdocs\cmcinfosec\index.php(13): CWebApplication->run()
REQUEST_URI=/cmcinfosec/
in D:\xampp\htdocs\cmcinfosec\protected\components\views\cmclogo.php (2)
in D:\xampp\htdocs\cmcinfosec\protected\components\Cmclogo.php (11)
in D:\xampp\htdocs\cmcinfosec\protected\views\layouts\main.php (31)
2012/09/22 04:06:55 [error] [php] Undefined variable: logosrc (D:\xampp\htdocs\cmcinfosec\protected\components\views\cmclogo.php:2)
Stack trace:
#0 D:\xampp\htdocs\cmcinfosec\framework\web\widgets\CWidget.php(244): Cmclogo->renderFile()
#1 D:\xampp\htdocs\cmcinfosec\protected\components\Cmclogo.php(11): Cmclogo->render()
#2 D:\xampp\htdocs\cmcinfosec\framework\web\CBaseController.php(174): Cmclogo->run()
#3 D:\xampp\htdocs\cmcinfosec\protected\views\layouts\main.php(31): SiteController->widget()
#4 D:\xampp\htdocs\cmcinfosec\framework\web\CBaseController.php(127): require()
#5 D:\xampp\htdocs\cmcinfosec\framework\web\CBaseController.php(96): SiteController->renderInternal()
#6 D:\xampp\htdocs\cmcinfosec\framework\web\widgets\CContentDecorator.php(77): SiteController->renderFile()
#7 D:\xampp\htdocs\cmcinfosec\framework\web\widgets\CContentDecorator.php(55): CContentDecorator->decorate()
#8 D:\xampp\htdocs\cmcinfosec\framework\web\widgets\COutputProcessor.php(45): CContentDecorator->processOutput()
#9 D:\xampp\htdocs\cmcinfosec\framework\web\CBaseController.php(207): CContentDecorator->run()
#10 D:\xampp\htdocs\cmcinfosec\framework\web\CBaseController.php(301): SiteController->endWidget()
#11 D:\xampp\htdocs\cmcinfosec\protected\views\layouts\column1.php(6): SiteController->endContent()
#12 D:\xampp\htdocs\cmcinfosec\framework\web\CBaseController.php(127): require()
#13 D:\xampp\htdocs\cmcinfosec\framework\web\CBaseController.php(96): SiteController->renderInternal()
#14 D:\xampp\htdocs\cmcinfosec\framework\web\CController.php(785): SiteController->renderFile()
#15 D:\xampp\htdocs\cmcinfosec\protected\controllers\SiteController.php(32): SiteController->render()
#16 D:\xampp\htdocs\cmcinfosec\framework\web\actions\CInlineAction.php(50): SiteController->actionIndex()
#17 D:\xampp\htdocs\cmcinfosec\framework\web\CController.php(309): CInlineAction->runWithParams()
#18 D:\xampp\htdocs\cmcinfosec\framework\web\CController.php(287): SiteController->runAction()
#19 D:\xampp\htdocs\cmcinfosec\framework\web\CController.php(266): SiteController->runActionWithFilters()
#20 D:\xampp\htdocs\cmcinfosec\framework\web\CWebApplication.php(283): SiteController->run()
#21 D:\xampp\htdocs\cmcinfosec\framework\web\CWebApplication.php(142): CWebApplication->runController()
#22 D:\xampp\htdocs\cmcinfosec\framework\base\CApplication.php(162): CWebApplication->processRequest()
#23 D:\xampp\htdocs\cmcinfosec\index.php(13): CWebApplication->run()
REQUEST_URI=/cmcinfosec/
in D:\xampp\htdocs\cmcinfosec\protected\components\views\cmclogo.php (2)
in D:\xampp\htdocs\cmcinfosec\protected\components\Cmclogo.php (11)
in D:\xampp\htdocs\cmcinfosec\protected\views\layouts\main.php (31)
2012/09/22 04:11:01 [error] [php] Invalid argument supplied for foreach() (D:\xampp\htdocs\cmcinfosec\protected\components\views\cmclogo.php:2)
Stack trace:
#0 D:\xampp\htdocs\cmcinfosec\framework\web\widgets\CWidget.php(244): Cmclogo->renderFile()
#1 D:\xampp\htdocs\cmcinfosec\protected\components\Cmclogo.php(11): Cmclogo->render()
#2 D:\xampp\htdocs\cmcinfosec\framework\web\CBaseController.php(174): Cmclogo->run()
#3 D:\xampp\htdocs\cmcinfosec\protected\views\layouts\main.php(31): SiteController->widget()
#4 D:\xampp\htdocs\cmcinfosec\framework\web\CBaseController.php(127): require()
#5 D:\xampp\htdocs\cmcinfosec\framework\web\CBaseController.php(96): SiteController->renderInternal()
#6 D:\xampp\htdocs\cmcinfosec\framework\web\widgets\CContentDecorator.php(77): SiteController->renderFile()
#7 D:\xampp\htdocs\cmcinfosec\framework\web\widgets\CContentDecorator.php(55): CContentDecorator->decorate()
#8 D:\xampp\htdocs\cmcinfosec\framework\web\widgets\COutputProcessor.php(45): CContentDecorator->processOutput()
#9 D:\xampp\htdocs\cmcinfosec\framework\web\CBaseController.php(207): CContentDecorator->run()
#10 D:\xampp\htdocs\cmcinfosec\framework\web\CBaseController.php(301): SiteController->endWidget()
#11 D:\xampp\htdocs\cmcinfosec\protected\views\layouts\column1.php(6): SiteController->endContent()
#12 D:\xampp\htdocs\cmcinfosec\framework\web\CBaseController.php(127): require()
#13 D:\xampp\htdocs\cmcinfosec\framework\web\CBaseController.php(96): SiteController->renderInternal()
#14 D:\xampp\htdocs\cmcinfosec\framework\web\CController.php(785): SiteController->renderFile()
#15 D:\xampp\htdocs\cmcinfosec\protected\controllers\SiteController.php(32): SiteController->render()
#16 D:\xampp\htdocs\cmcinfosec\framework\web\actions\CInlineAction.php(50): SiteController->actionIndex()
#17 D:\xampp\htdocs\cmcinfosec\framework\web\CController.php(309): CInlineAction->runWithParams()
#18 D:\xampp\htdocs\cmcinfosec\framework\web\CController.php(287): SiteController->runAction()
#19 D:\xampp\htdocs\cmcinfosec\framework\web\CController.php(266): SiteController->runActionWithFilters()
#20 D:\xampp\htdocs\cmcinfosec\framework\web\CWebApplication.php(283): SiteController->run()
#21 D:\xampp\htdocs\cmcinfosec\framework\web\CWebApplication.php(142): CWebApplication->runController()
#22 D:\xampp\htdocs\cmcinfosec\framework\base\CApplication.php(162): CWebApplication->processRequest()
#23 D:\xampp\htdocs\cmcinfosec\index.php(13): CWebApplication->run()
REQUEST_URI=/cmcinfosec/
in D:\xampp\htdocs\cmcinfosec\protected\components\views\cmclogo.php (2)
in D:\xampp\htdocs\cmcinfosec\protected\components\Cmclogo.php (11)
in D:\xampp\htdocs\cmcinfosec\protected\views\layouts\main.php (31)
2012/09/22 04:11:02 [error] [php] Invalid argument supplied for foreach() (D:\xampp\htdocs\cmcinfosec\protected\components\views\cmclogo.php:2)
Stack trace:
#0 D:\xampp\htdocs\cmcinfosec\framework\web\widgets\CWidget.php(244): Cmclogo->renderFile()
#1 D:\xampp\htdocs\cmcinfosec\protected\components\Cmclogo.php(11): Cmclogo->render()
#2 D:\xampp\htdocs\cmcinfosec\framework\web\CBaseController.php(174): Cmclogo->run()
#3 D:\xampp\htdocs\cmcinfosec\protected\views\layouts\main.php(31): SiteController->widget()
#4 D:\xampp\htdocs\cmcinfosec\framework\web\CBaseController.php(127): require()
#5 D:\xampp\htdocs\cmcinfosec\framework\web\CBaseController.php(96): SiteController->renderInternal()
#6 D:\xampp\htdocs\cmcinfosec\framework\web\widgets\CContentDecorator.php(77): SiteController->renderFile()
#7 D:\xampp\htdocs\cmcinfosec\framework\web\widgets\CContentDecorator.php(55): CContentDecorator->decorate()
#8 D:\xampp\htdocs\cmcinfosec\framework\web\widgets\COutputProcessor.php(45): CContentDecorator->processOutput()
#9 D:\xampp\htdocs\cmcinfosec\framework\web\CBaseController.php(207): CContentDecorator->run()
#10 D:\xampp\htdocs\cmcinfosec\framework\web\CBaseController.php(301): SiteController->endWidget()
#11 D:\xampp\htdocs\cmcinfosec\protected\views\layouts\column1.php(6): SiteController->endContent()
#12 D:\xampp\htdocs\cmcinfosec\framework\web\CBaseController.php(127): require()
#13 D:\xampp\htdocs\cmcinfosec\framework\web\CBaseController.php(96): SiteController->renderInternal()
#14 D:\xampp\htdocs\cmcinfosec\framework\web\CController.php(785): SiteController->renderFile()
#15 D:\xampp\htdocs\cmcinfosec\protected\controllers\SiteController.php(32): SiteController->render()
#16 D:\xampp\htdocs\cmcinfosec\framework\web\actions\CInlineAction.php(50): SiteController->actionIndex()
#17 D:\xampp\htdocs\cmcinfosec\framework\web\CController.php(309): CInlineAction->runWithParams()
#18 D:\xampp\htdocs\cmcinfosec\framework\web\CController.php(287): SiteController->runAction()
#19 D:\xampp\htdocs\cmcinfosec\framework\web\CController.php(266): SiteController->runActionWithFilters()
#20 D:\xampp\htdocs\cmcinfosec\framework\web\CWebApplication.php(283): SiteController->run()
#21 D:\xampp\htdocs\cmcinfosec\framework\web\CWebApplication.php(142): CWebApplication->runController()
#22 D:\xampp\htdocs\cmcinfosec\framework\base\CApplication.php(162): CWebApplication->processRequest()
#23 D:\xampp\htdocs\cmcinfosec\index.php(13): CWebApplication->run()
REQUEST_URI=/cmcinfosec/
in D:\xampp\htdocs\cmcinfosec\protected\components\views\cmclogo.php (2)
in D:\xampp\htdocs\cmcinfosec\protected\components\Cmclogo.php (11)
in D:\xampp\htdocs\cmcinfosec\protected\views\layouts\main.php (31)
2012/09/23 03:40:55 [error] [exception.CException] exception 'CException' with message 'Alias "application.components.footer" is invalid. Make sure it points to an existing PHP file and the file is readable.' in D:\xampp\htdocs\cmcinfosec\framework\YiiBase.php:318
Stack trace:
#0 D:\xampp\htdocs\cmcinfosec\framework\web\CWidgetFactory.php(147): YiiBase::import('application.com...', true)
#1 D:\xampp\htdocs\cmcinfosec\framework\web\CBaseController.php(147): CWidgetFactory->createWidget(Object(AboutController), 'application.com...', Array)
#2 D:\xampp\htdocs\cmcinfosec\framework\web\CBaseController.php(173): CBaseController->createWidget('application.com...', Array)
#3 D:\xampp\htdocs\cmcinfosec\protected\views\about\hoso.php(45): CBaseController->widget('application.com...')
#4 D:\xampp\htdocs\cmcinfosec\framework\web\CBaseController.php(127): require('D:\xampp\htdocs...')
#5 D:\xampp\htdocs\cmcinfosec\framework\web\CBaseController.php(96): CBaseController->renderInternal('D:\xampp\htdocs...', NULL, true)
#6 D:\xampp\htdocs\cmcinfosec\framework\web\CController.php(870): CBaseController->renderFile('D:\xampp\htdocs...', NULL, true)
#7 D:\xampp\htdocs\cmcinfosec\framework\web\CController.php(783): CController->renderPartial('hoso', NULL, true)
#8 D:\xampp\htdocs\cmcinfosec\protected\controllers\AboutController.php(7): CController->render('hoso')
#9 D:\xampp\htdocs\cmcinfosec\framework\web\actions\CInlineAction.php(50): AboutController->actionHoso()
#10 D:\xampp\htdocs\cmcinfosec\framework\web\CController.php(309): CInlineAction->runWithParams(Array)
#11 D:\xampp\htdocs\cmcinfosec\framework\web\CController.php(287): CController->runAction(Object(CInlineAction))
#12 D:\xampp\htdocs\cmcinfosec\framework\web\CController.php(266): CController->runActionWithFilters(Object(CInlineAction), Array)
#13 D:\xampp\htdocs\cmcinfosec\framework\web\CWebApplication.php(283): CController->run('hoso')
#14 D:\xampp\htdocs\cmcinfosec\framework\web\CWebApplication.php(142): CWebApplication->runController('about/hoso')
#15 D:\xampp\htdocs\cmcinfosec\framework\base\CApplication.php(162): CWebApplication->processRequest()
#16 D:\xampp\htdocs\cmcinfosec\index.php(13): CApplication->run()
#17 {main}
REQUEST_URI=/cmcinfosec/index.php?r=about/hoso
---
